#
# There is insufficient memory for the Java Runtime Environment to continue.
# Native memory allocation (malloc) failed to allocate 1438544 bytes. Error detail: Chunk::new
# Possible reasons:
#   The system is out of physical RAM or swap space
#   This process is running with CompressedOops enabled, and the Java Heap may be blocking the growth of the native heap
# Possible solutions:
#   Reduce memory load on the system
#   Increase physical memory or swap space
#   Check if swap backing store is full
#   Decrease Java heap size (-Xmx/-Xms)
#   Decrease number of Java threads
#   Decrease Java thread stack sizes (-Xss)
#   Set larger code cache with -XX:ReservedCodeCacheSize=
#   JVM is running with Unscaled Compressed Oops mode in which the Java heap is
#     placed in the first 4GB address space. The Java Heap base address is the
#     maximum limit for the native heap growth. Please use -XX:HeapBaseMinAddress
#     to set the Java Heap base and to place the Java Heap above 4GB virtual address.
# This output file may be truncated or incomplete.
#
#  Out of Memory Error (arena.cpp:162), pid=13016, tid=12576
#
# JRE version: OpenJDK Runtime Environment Zulu24.28+85-CA (24.0+36) (build 24+36)
# Java VM: OpenJDK 64-Bit Server VM Zulu24.28+85-CA (24+36, mixed mode, sharing, tiered, compressed oops, compressed class ptrs, g1 gc, windows-amd64)
# No core dump will be written. Minidumps are not enabled by default on client versions of Windows
#

---------------  S U M M A R Y ------------

Command Line: -Dant.home=C:\Program Files\NetBeans-25\netbeans\extide\ant\bin\.. org.apache.tools.ant.launch.Launcher -f C:\Users\Josie\Documents\NetBeansProjects\StudentRecordSystem\build.xml -Dant.rerun 1 jfxsa-run-no-another-jvm

Host: Intel(R) Core(TM) i5-8250U CPU @ 1.60GHz, 8 cores, 7G,  Windows 11 , 64 bit Build 26100 (10.0.26100.3775)
Time: Fri Apr 11 16:07:00 2025 Malay Peninsula Standard Time elapsed time: 3.921740 seconds (0d 0h 0m 3s)

---------------  T H R E A D  ---------------

Current thread (0x000002289897b120):  JavaThread "C2 CompilerThread1" daemon [_thread_in_native, id=12576, stack(0x0000004436400000,0x0000004436500000) (1024K)]


Current CompileTask:
C2:3921 1272       4       com.sun.org.apache.xerces.internal.impl.XMLEntityScanner::scanLiteral (398 bytes)

Stack: [0x0000004436400000,0x0000004436500000]
Native frames: (J=compiled Java code, j=interpreted, Vv=VM code, C=native code)
V  [jvm.dll+0x741329]  (no source info available)
V  [jvm.dll+0x97e0c3]  (no source info available)
V  [jvm.dll+0x98039d]  (no source info available)
V  [jvm.dll+0x980a13]  (no source info available)
V  [jvm.dll+0x2b5ad6]  (no source info available)
V  [jvm.dll+0xd013f]  (no source info available)
V  [jvm.dll+0xd039f]  (no source info available)
V  [jvm.dll+0x15b85f]  (no source info available)
V  [jvm.dll+0x746bef]  (no source info available)
V  [jvm.dll+0x27a4e8]  (no source info available)
V  [jvm.dll+0x279601]  (no source info available)
V  [jvm.dll+0x1f30da]  (no source info available)
V  [jvm.dll+0x288df5]  (no source info available)
V  [jvm.dll+0x28708a]  (no source info available)
V  [jvm.dll+0x43e136]  (no source info available)
V  [jvm.dll+0x920b08]  (no source info available)
V  [jvm.dll+0x73fab5]  (no source info available)
C  [ucrtbase.dll+0x37b0]  (no source info available)
C  [KERNEL32.DLL+0x2e8d7]  (no source info available)
C  [ntdll.dll+0xb14fc]  (no source info available)

Lock stack of current Java thread (top to bottom):


---------------  P R O C E S S  ---------------

Threads class SMR info:
_java_thread_list=0x0000022898ae7a50, length=13, elements={
0x000002283282c150, 0x0000022852ce38d0, 0x0000022852ce5b90, 0x0000022852ce86d0,
0x0000022852ce9d70, 0x0000022852cea8a0, 0x0000022852ceb3d0, 0x0000022852cec230,
0x0000022852cf2a80, 0x00000228980034b0, 0x0000022898012430, 0x000002289897b120,
0x0000022898c86cd0
}

Java Threads: ( => current thread )
  0x000002283282c150 JavaThread "main"                              [_thread_in_native, id=13080, stack(0x0000004435100000,0x0000004435200000) (1024K)]
  0x0000022852ce38d0 JavaThread "Reference Handler"          daemon [_thread_blocked, id=12232, stack(0x0000004435a00000,0x0000004435b00000) (1024K)]
  0x0000022852ce5b90 JavaThread "Finalizer"                  daemon [_thread_blocked, id=7292, stack(0x0000004435b00000,0x0000004435c00000) (1024K)]
  0x0000022852ce86d0 JavaThread "Signal Dispatcher"          daemon [_thread_blocked, id=10136, stack(0x0000004435c00000,0x0000004435d00000) (1024K)]
  0x0000022852ce9d70 JavaThread "Attach Listener"            daemon [_thread_blocked, id=10424, stack(0x0000004435d00000,0x0000004435e00000) (1024K)]
  0x0000022852cea8a0 JavaThread "Service Thread"             daemon [_thread_blocked, id=11724, stack(0x0000004435e00000,0x0000004435f00000) (1024K)]
  0x0000022852ceb3d0 JavaThread "Monitor Deflation Thread"   daemon [_thread_blocked, id=11664, stack(0x0000004435f00000,0x0000004436000000) (1024K)]
  0x0000022852cec230 JavaThread "C2 CompilerThread0"         daemon [_thread_blocked, id=10968, stack(0x0000004436000000,0x0000004436100000) (1024K)]
  0x0000022852cf2a80 JavaThread "C1 CompilerThread0"         daemon [_thread_blocked, id=12404, stack(0x0000004436100000,0x0000004436200000) (1024K)]
  0x00000228980034b0 JavaThread "Notification Thread"        daemon [_thread_blocked, id=12252, stack(0x0000004436200000,0x0000004436300000) (1024K)]
  0x0000022898012430 JavaThread "Common-Cleaner"             daemon [_thread_blocked, id=12324, stack(0x0000004436300000,0x0000004436400000) (1024K)]
=>0x000002289897b120 JavaThread "C2 CompilerThread1"         daemon [_thread_in_native, id=12576, stack(0x0000004436400000,0x0000004436500000) (1024K)]
  0x0000022898c86cd0 JavaThread "C2 CompilerThread2"         daemon [_thread_blocked, id=3524, stack(0x0000004436500000,0x0000004436600000) (1024K)]
Total: 13

Other Threads:
  0x0000022852cd4580 VMThread "VM Thread"                           [id=12016, stack(0x0000004435900000,0x0000004435a00000) (1024K)]
  0x0000022852cc25c0 WatcherThread "VM Periodic Task Thread"        [id=11732, stack(0x0000004435800000,0x0000004435900000) (1024K)]
  0x0000022834ba0140 WorkerThread "GC Thread#0"                     [id=13252, stack(0x0000004435300000,0x0000004435400000) (1024K)]
  0x0000022834bb5c40 ConcurrentGCThread "G1 Main Marker"            [id=13256, stack(0x0000004435400000,0x0000004435500000) (1024K)]
  0x0000022834bb7540 WorkerThread "G1 Conc#0"                       [id=13260, stack(0x0000004435500000,0x0000004435600000) (1024K)]
  0x0000022852b875a0 ConcurrentGCThread "G1 Refine#0"               [id=11988, stack(0x0000004435600000,0x0000004435700000) (1024K)]
  0x0000022852b88020 ConcurrentGCThread "G1 Service"                [id=11652, stack(0x0000004435700000,0x0000004435800000) (1024K)]
Total: 7

Threads with active compile tasks:
C2 CompilerThread1  15671 1272       4       com.sun.org.apache.xerces.internal.impl.XMLEntityScanner::scanLiteral (398 bytes)
Total: 1

VM state: not at safepoint (normal execution)

VM Mutex/Monitor currently owned by a thread: None

Heap address: 0x0000000081c00000, size: 2020 MB, Compressed Oops mode: 32-bit

CDS archive(s) mapped at: [0x0000022853000000-0x0000022853d50000-0x0000022853d50000), size 13959168, SharedBaseAddress: 0x0000022853000000, ArchiveRelocationMode: 1.
Compressed class space mapped at: 0x0000022854000000-0x0000022894000000, reserved size: 1073741824
UseCompressedClassPointers 1, UseCompactObjectHeaders 0
Narrow klass pointer bits 32, Max shift 3
Narrow klass base: 0x0000022853000000, Narrow klass shift: 0
Encoding Range: [0x0000022853000000 - 0x0000022953000000), (4294967296 bytes)
Klass Range:    [0x0000022853000000 - 0x0000022894000000), (1090519040 bytes)
Klass ID Range:  [8 - 1090519033) (1090519025)

GC Precious Log:
 CardTable entry size: 512
 Card Set container configuration: InlinePtr #cards 5 size 8 Array Of Cards #cards 10 size 36 Howl #buckets 4 coarsen threshold 1843 Howl Bitmap #cards 512 size 80 coarsen threshold 460 Card regions per heap region 1 cards per card region 2048
 CPUs: 8 total, 8 available
 Memory: 8078M
 Large Page Support: Disabled
 NUMA Support: Disabled
 Compressed Oops: Enabled (32-bit)
 Heap Region Size: 1M
 Heap Min Capacity: 8M
 Heap Initial Capacity: 128M
 Heap Max Capacity: 2020M
 Pre-touch: Disabled
 Parallel Workers: 8
 Concurrent Workers: 2
 Concurrent Refinement Workers: 8
 Periodic GC: Disabled

Heap:
 garbage-first heap   total reserved 2068480K, committed 133120K, used 46247K [0x0000000081c00000, 0x0000000100000000)
  region size 1024K, 46 young (47104K), 0 survivors (0K)
 Metaspace       used 6613K, committed 6848K, reserved 1114112K
  class space    used 587K, committed 704K, reserved 1048576K

Heap Regions: E=young(eden), S=young(survivor), O=old, HS=humongous(starts), HC=humongous(continues), CS=collection set, F=free, TAMS=top-at-mark-start, PB=parsable bottom
|   0|0x0000000081c00000, 0x0000000081c00000, 0x0000000081d00000|  0%| F|  |TAMS 0x0000000081c00000| PB 0x0000000081c00000| Untracked |  0
|   1|0x0000000081d00000, 0x0000000081d00000, 0x0000000081e00000|  0%| F|  |TAMS 0x0000000081d00000| PB 0x0000000081d00000| Untracked |  0
|   2|0x0000000081e00000, 0x0000000081e00000, 0x0000000081f00000|  0%| F|  |TAMS 0x0000000081e00000| PB 0x0000000081e00000| Untracked |  0
|   3|0x0000000081f00000, 0x0000000081f00000, 0x0000000082000000|  0%| F|  |TAMS 0x0000000081f00000| PB 0x0000000081f00000| Untracked |  0
|   4|0x0000000082000000, 0x0000000082000000, 0x0000000082100000|  0%| F|  |TAMS 0x0000000082000000| PB 0x0000000082000000| Untracked |  0
|   5|0x0000000082100000, 0x0000000082100000, 0x0000000082200000|  0%| F|  |TAMS 0x0000000082100000| PB 0x0000000082100000| Untracked |  0
|   6|0x0000000082200000, 0x0000000082200000, 0x0000000082300000|  0%| F|  |TAMS 0x0000000082200000| PB 0x0000000082200000| Untracked |  0
|   7|0x0000000082300000, 0x0000000082300000, 0x0000000082400000|  0%| F|  |TAMS 0x0000000082300000| PB 0x0000000082300000| Untracked |  0
|   8|0x0000000082400000, 0x0000000082400000, 0x0000000082500000|  0%| F|  |TAMS 0x0000000082400000| PB 0x0000000082400000| Untracked |  0
|   9|0x0000000082500000, 0x0000000082500000, 0x0000000082600000|  0%| F|  |TAMS 0x0000000082500000| PB 0x0000000082500000| Untracked |  0
|  10|0x0000000082600000, 0x0000000082600000, 0x0000000082700000|  0%| F|  |TAMS 0x0000000082600000| PB 0x0000000082600000| Untracked |  0
|  11|0x0000000082700000, 0x0000000082700000, 0x0000000082800000|  0%| F|  |TAMS 0x0000000082700000| PB 0x0000000082700000| Untracked |  0
|  12|0x0000000082800000, 0x0000000082800000, 0x0000000082900000|  0%| F|  |TAMS 0x0000000082800000| PB 0x0000000082800000| Untracked |  0
|  13|0x0000000082900000, 0x0000000082900000, 0x0000000082a00000|  0%| F|  |TAMS 0x0000000082900000| PB 0x0000000082900000| Untracked |  0
|  14|0x0000000082a00000, 0x0000000082a00000, 0x0000000082b00000|  0%| F|  |TAMS 0x0000000082a00000| PB 0x0000000082a00000| Untracked |  0
|  15|0x0000000082b00000, 0x0000000082b00000, 0x0000000082c00000|  0%| F|  |TAMS 0x0000000082b00000| PB 0x0000000082b00000| Untracked |  0
|  16|0x0000000082c00000, 0x0000000082c00000, 0x0000000082d00000|  0%| F|  |TAMS 0x0000000082c00000| PB 0x0000000082c00000| Untracked |  0
|  17|0x0000000082d00000, 0x0000000082d00000, 0x0000000082e00000|  0%| F|  |TAMS 0x0000000082d00000| PB 0x0000000082d00000| Untracked |  0
|  18|0x0000000082e00000, 0x0000000082e00000, 0x0000000082f00000|  0%| F|  |TAMS 0x0000000082e00000| PB 0x0000000082e00000| Untracked |  0
|  19|0x0000000082f00000, 0x0000000082f00000, 0x0000000083000000|  0%| F|  |TAMS 0x0000000082f00000| PB 0x0000000082f00000| Untracked |  0
|  20|0x0000000083000000, 0x0000000083000000, 0x0000000083100000|  0%| F|  |TAMS 0x0000000083000000| PB 0x0000000083000000| Untracked |  0
|  21|0x0000000083100000, 0x0000000083100000, 0x0000000083200000|  0%| F|  |TAMS 0x0000000083100000| PB 0x0000000083100000| Untracked |  0
|  22|0x0000000083200000, 0x0000000083200000, 0x0000000083300000|  0%| F|  |TAMS 0x0000000083200000| PB 0x0000000083200000| Untracked |  0
|  23|0x0000000083300000, 0x0000000083300000, 0x0000000083400000|  0%| F|  |TAMS 0x0000000083300000| PB 0x0000000083300000| Untracked |  0
|  24|0x0000000083400000, 0x0000000083400000, 0x0000000083500000|  0%| F|  |TAMS 0x0000000083400000| PB 0x0000000083400000| Untracked |  0
|  25|0x0000000083500000, 0x0000000083500000, 0x0000000083600000|  0%| F|  |TAMS 0x0000000083500000| PB 0x0000000083500000| Untracked |  0
|  26|0x0000000083600000, 0x0000000083600000, 0x0000000083700000|  0%| F|  |TAMS 0x0000000083600000| PB 0x0000000083600000| Untracked |  0
|  27|0x0000000083700000, 0x0000000083700000, 0x0000000083800000|  0%| F|  |TAMS 0x0000000083700000| PB 0x0000000083700000| Untracked |  0
|  28|0x0000000083800000, 0x0000000083800000, 0x0000000083900000|  0%| F|  |TAMS 0x0000000083800000| PB 0x0000000083800000| Untracked |  0
|  29|0x0000000083900000, 0x0000000083900000, 0x0000000083a00000|  0%| F|  |TAMS 0x0000000083900000| PB 0x0000000083900000| Untracked |  0
|  30|0x0000000083a00000, 0x0000000083a00000, 0x0000000083b00000|  0%| F|  |TAMS 0x0000000083a00000| PB 0x0000000083a00000| Untracked |  0
|  31|0x0000000083b00000, 0x0000000083b00000, 0x0000000083c00000|  0%| F|  |TAMS 0x0000000083b00000| PB 0x0000000083b00000| Untracked |  0
|  32|0x0000000083c00000, 0x0000000083c00000, 0x0000000083d00000|  0%| F|  |TAMS 0x0000000083c00000| PB 0x0000000083c00000| Untracked |  0
|  33|0x0000000083d00000, 0x0000000083d00000, 0x0000000083e00000|  0%| F|  |TAMS 0x0000000083d00000| PB 0x0000000083d00000| Untracked |  0
|  34|0x0000000083e00000, 0x0000000083e00000, 0x0000000083f00000|  0%| F|  |TAMS 0x0000000083e00000| PB 0x0000000083e00000| Untracked |  0
|  35|0x0000000083f00000, 0x0000000083f00000, 0x0000000084000000|  0%| F|  |TAMS 0x0000000083f00000| PB 0x0000000083f00000| Untracked |  0
|  36|0x0000000084000000, 0x0000000084000000, 0x0000000084100000|  0%| F|  |TAMS 0x0000000084000000| PB 0x0000000084000000| Untracked |  0
|  37|0x0000000084100000, 0x0000000084100000, 0x0000000084200000|  0%| F|  |TAMS 0x0000000084100000| PB 0x0000000084100000| Untracked |  0
|  38|0x0000000084200000, 0x0000000084200000, 0x0000000084300000|  0%| F|  |TAMS 0x0000000084200000| PB 0x0000000084200000| Untracked |  0
|  39|0x0000000084300000, 0x0000000084300000, 0x0000000084400000|  0%| F|  |TAMS 0x0000000084300000| PB 0x0000000084300000| Untracked |  0
|  40|0x0000000084400000, 0x0000000084400000, 0x0000000084500000|  0%| F|  |TAMS 0x0000000084400000| PB 0x0000000084400000| Untracked |  0
|  41|0x0000000084500000, 0x0000000084500000, 0x0000000084600000|  0%| F|  |TAMS 0x0000000084500000| PB 0x0000000084500000| Untracked |  0
|  42|0x0000000084600000, 0x0000000084600000, 0x0000000084700000|  0%| F|  |TAMS 0x0000000084600000| PB 0x0000000084600000| Untracked |  0
|  43|0x0000000084700000, 0x0000000084700000, 0x0000000084800000|  0%| F|  |TAMS 0x0000000084700000| PB 0x0000000084700000| Untracked |  0
|  44|0x0000000084800000, 0x0000000084800000, 0x0000000084900000|  0%| F|  |TAMS 0x0000000084800000| PB 0x0000000084800000| Untracked |  0
|  45|0x0000000084900000, 0x0000000084900000, 0x0000000084a00000|  0%| F|  |TAMS 0x0000000084900000| PB 0x0000000084900000| Untracked |  0
|  46|0x0000000084a00000, 0x0000000084a00000, 0x0000000084b00000|  0%| F|  |TAMS 0x0000000084a00000| PB 0x0000000084a00000| Untracked |  0
|  47|0x0000000084b00000, 0x0000000084b00000, 0x0000000084c00000|  0%| F|  |TAMS 0x0000000084b00000| PB 0x0000000084b00000| Untracked |  0
|  48|0x0000000084c00000, 0x0000000084c00000, 0x0000000084d00000|  0%| F|  |TAMS 0x0000000084c00000| PB 0x0000000084c00000| Untracked |  0
|  49|0x0000000084d00000, 0x0000000084d00000, 0x0000000084e00000|  0%| F|  |TAMS 0x0000000084d00000| PB 0x0000000084d00000| Untracked |  0
|  50|0x0000000084e00000, 0x0000000084e00000, 0x0000000084f00000|  0%| F|  |TAMS 0x0000000084e00000| PB 0x0000000084e00000| Untracked |  0
|  51|0x0000000084f00000, 0x0000000084f00000, 0x0000000085000000|  0%| F|  |TAMS 0x0000000084f00000| PB 0x0000000084f00000| Untracked |  0
|  52|0x0000000085000000, 0x0000000085000000, 0x0000000085100000|  0%| F|  |TAMS 0x0000000085000000| PB 0x0000000085000000| Untracked |  0
|  53|0x0000000085100000, 0x0000000085100000, 0x0000000085200000|  0%| F|  |TAMS 0x0000000085100000| PB 0x0000000085100000| Untracked |  0
|  54|0x0000000085200000, 0x0000000085200000, 0x0000000085300000|  0%| F|  |TAMS 0x0000000085200000| PB 0x0000000085200000| Untracked |  0
|  55|0x0000000085300000, 0x0000000085300000, 0x0000000085400000|  0%| F|  |TAMS 0x0000000085300000| PB 0x0000000085300000| Untracked |  0
|  56|0x0000000085400000, 0x0000000085400000, 0x0000000085500000|  0%| F|  |TAMS 0x0000000085400000| PB 0x0000000085400000| Untracked |  0
|  57|0x0000000085500000, 0x0000000085500000, 0x0000000085600000|  0%| F|  |TAMS 0x0000000085500000| PB 0x0000000085500000| Untracked |  0
|  58|0x0000000085600000, 0x0000000085600000, 0x0000000085700000|  0%| F|  |TAMS 0x0000000085600000| PB 0x0000000085600000| Untracked |  0
|  59|0x0000000085700000, 0x0000000085700000, 0x0000000085800000|  0%| F|  |TAMS 0x0000000085700000| PB 0x0000000085700000| Untracked |  0
|  60|0x0000000085800000, 0x0000000085800000, 0x0000000085900000|  0%| F|  |TAMS 0x0000000085800000| PB 0x0000000085800000| Untracked |  0
|  61|0x0000000085900000, 0x0000000085900000, 0x0000000085a00000|  0%| F|  |TAMS 0x0000000085900000| PB 0x0000000085900000| Untracked |  0
|  62|0x0000000085a00000, 0x0000000085a00000, 0x0000000085b00000|  0%| F|  |TAMS 0x0000000085a00000| PB 0x0000000085a00000| Untracked |  0
|  63|0x0000000085b00000, 0x0000000085b00000, 0x0000000085c00000|  0%| F|  |TAMS 0x0000000085b00000| PB 0x0000000085b00000| Untracked |  0
|  64|0x0000000085c00000, 0x0000000085c00000, 0x0000000085d00000|  0%| F|  |TAMS 0x0000000085c00000| PB 0x0000000085c00000| Untracked |  0
|  65|0x0000000085d00000, 0x0000000085d00000, 0x0000000085e00000|  0%| F|  |TAMS 0x0000000085d00000| PB 0x0000000085d00000| Untracked |  0
|  66|0x0000000085e00000, 0x0000000085e00000, 0x0000000085f00000|  0%| F|  |TAMS 0x0000000085e00000| PB 0x0000000085e00000| Untracked |  0
|  67|0x0000000085f00000, 0x0000000085f00000, 0x0000000086000000|  0%| F|  |TAMS 0x0000000085f00000| PB 0x0000000085f00000| Untracked |  0
|  68|0x0000000086000000, 0x0000000086000000, 0x0000000086100000|  0%| F|  |TAMS 0x0000000086000000| PB 0x0000000086000000| Untracked |  0
|  69|0x0000000086100000, 0x0000000086100000, 0x0000000086200000|  0%| F|  |TAMS 0x0000000086100000| PB 0x0000000086100000| Untracked |  0
|  70|0x0000000086200000, 0x0000000086200000, 0x0000000086300000|  0%| F|  |TAMS 0x0000000086200000| PB 0x0000000086200000| Untracked |  0
|  71|0x0000000086300000, 0x0000000086300000, 0x0000000086400000|  0%| F|  |TAMS 0x0000000086300000| PB 0x0000000086300000| Untracked |  0
|  72|0x0000000086400000, 0x0000000086400000, 0x0000000086500000|  0%| F|  |TAMS 0x0000000086400000| PB 0x0000000086400000| Untracked |  0
|  73|0x0000000086500000, 0x0000000086500000, 0x0000000086600000|  0%| F|  |TAMS 0x0000000086500000| PB 0x0000000086500000| Untracked |  0
|  74|0x0000000086600000, 0x0000000086600000, 0x0000000086700000|  0%| F|  |TAMS 0x0000000086600000| PB 0x0000000086600000| Untracked |  0
|  75|0x0000000086700000, 0x0000000086700000, 0x0000000086800000|  0%| F|  |TAMS 0x0000000086700000| PB 0x0000000086700000| Untracked |  0
|  76|0x0000000086800000, 0x0000000086800000, 0x0000000086900000|  0%| F|  |TAMS 0x0000000086800000| PB 0x0000000086800000| Untracked |  0
|  77|0x0000000086900000, 0x0000000086900000, 0x0000000086a00000|  0%| F|  |TAMS 0x0000000086900000| PB 0x0000000086900000| Untracked |  0
|  78|0x0000000086a00000, 0x0000000086a00000, 0x0000000086b00000|  0%| F|  |TAMS 0x0000000086a00000| PB 0x0000000086a00000| Untracked |  0
|  79|0x0000000086b00000, 0x0000000086b00000, 0x0000000086c00000|  0%| F|  |TAMS 0x0000000086b00000| PB 0x0000000086b00000| Untracked |  0
|  80|0x0000000086c00000, 0x0000000086c00000, 0x0000000086d00000|  0%| F|  |TAMS 0x0000000086c00000| PB 0x0000000086c00000| Untracked |  0
|  81|0x0000000086d00000, 0x0000000086d00000, 0x0000000086e00000|  0%| F|  |TAMS 0x0000000086d00000| PB 0x0000000086d00000| Untracked |  0
|  82|0x0000000086e00000, 0x0000000086e80000, 0x0000000086f00000| 50%| E|  |TAMS 0x0000000086e00000| PB 0x0000000086e00000| Complete |  0
|  83|0x0000000086f00000, 0x0000000087000000, 0x0000000087000000|100%| E|CS|TAMS 0x0000000086f00000| PB 0x0000000086f00000| Complete |  0
|  84|0x0000000087000000, 0x0000000087100000, 0x0000000087100000|100%| E|CS|TAMS 0x0000000087000000| PB 0x0000000087000000| Complete |  0
|  85|0x0000000087100000, 0x0000000087200000, 0x0000000087200000|100%| E|CS|TAMS 0x0000000087100000| PB 0x0000000087100000| Complete |  0
|  86|0x0000000087200000, 0x0000000087300000, 0x0000000087300000|100%| E|CS|TAMS 0x0000000087200000| PB 0x0000000087200000| Complete |  0
|  87|0x0000000087300000, 0x0000000087400000, 0x0000000087400000|100%| E|CS|TAMS 0x0000000087300000| PB 0x0000000087300000| Complete |  0
|  88|0x0000000087400000, 0x0000000087500000, 0x0000000087500000|100%| E|CS|TAMS 0x0000000087400000| PB 0x0000000087400000| Complete |  0
|  89|0x0000000087500000, 0x0000000087600000, 0x0000000087600000|100%| E|CS|TAMS 0x0000000087500000| PB 0x0000000087500000| Complete |  0
|  90|0x0000000087600000, 0x0000000087700000, 0x0000000087700000|100%| E|CS|TAMS 0x0000000087600000| PB 0x0000000087600000| Complete |  0
|  91|0x0000000087700000, 0x0000000087800000, 0x0000000087800000|100%| E|CS|TAMS 0x0000000087700000| PB 0x0000000087700000| Complete |  0
|  92|0x0000000087800000, 0x0000000087900000, 0x0000000087900000|100%| E|  |TAMS 0x0000000087800000| PB 0x0000000087800000| Complete |  0
|  93|0x0000000087900000, 0x0000000087a00000, 0x0000000087a00000|100%| E|CS|TAMS 0x0000000087900000| PB 0x0000000087900000| Complete |  0
|  94|0x0000000087a00000, 0x0000000087b00000, 0x0000000087b00000|100%| E|CS|TAMS 0x0000000087a00000| PB 0x0000000087a00000| Complete |  0
|  95|0x0000000087b00000, 0x0000000087c00000, 0x0000000087c00000|100%| E|CS|TAMS 0x0000000087b00000| PB 0x0000000087b00000| Complete |  0
|  96|0x0000000087c00000, 0x0000000087d00000, 0x0000000087d00000|100%| E|CS|TAMS 0x0000000087c00000| PB 0x0000000087c00000| Complete |  0
|  97|0x0000000087d00000, 0x0000000087e00000, 0x0000000087e00000|100%| E|CS|TAMS 0x0000000087d00000| PB 0x0000000087d00000| Complete |  0
|  98|0x0000000087e00000, 0x0000000087f00000, 0x0000000087f00000|100%| E|CS|TAMS 0x0000000087e00000| PB 0x0000000087e00000| Complete |  0
|  99|0x0000000087f00000, 0x0000000088000000, 0x0000000088000000|100%| E|CS|TAMS 0x0000000087f00000| PB 0x0000000087f00000| Complete |  0
| 100|0x0000000088000000, 0x0000000088100000, 0x0000000088100000|100%| E|CS|TAMS 0x0000000088000000| PB 0x0000000088000000| Complete |  0
| 101|0x0000000088100000, 0x0000000088200000, 0x0000000088200000|100%| E|CS|TAMS 0x0000000088100000| PB 0x0000000088100000| Complete |  0
| 102|0x0000000088200000, 0x0000000088300000, 0x0000000088300000|100%| E|CS|TAMS 0x0000000088200000| PB 0x0000000088200000| Complete |  0
| 103|0x0000000088300000, 0x0000000088400000, 0x0000000088400000|100%| E|CS|TAMS 0x0000000088300000| PB 0x0000000088300000| Complete |  0
| 104|0x0000000088400000, 0x0000000088500000, 0x0000000088500000|100%| E|CS|TAMS 0x0000000088400000| PB 0x0000000088400000| Complete |  0
| 105|0x0000000088500000, 0x0000000088600000, 0x0000000088600000|100%| E|CS|TAMS 0x0000000088500000| PB 0x0000000088500000| Complete |  0
| 106|0x0000000088600000, 0x0000000088700000, 0x0000000088700000|100%| E|CS|TAMS 0x0000000088600000| PB 0x0000000088600000| Complete |  0
| 107|0x0000000088700000, 0x0000000088800000, 0x0000000088800000|100%| E|CS|TAMS 0x0000000088700000| PB 0x0000000088700000| Complete |  0
| 108|0x0000000088800000, 0x0000000088900000, 0x0000000088900000|100%| E|CS|TAMS 0x0000000088800000| PB 0x0000000088800000| Complete |  0
| 109|0x0000000088900000, 0x0000000088a00000, 0x0000000088a00000|100%| E|CS|TAMS 0x0000000088900000| PB 0x0000000088900000| Complete |  0
| 110|0x0000000088a00000, 0x0000000088b00000, 0x0000000088b00000|100%| E|CS|TAMS 0x0000000088a00000| PB 0x0000000088a00000| Complete |  0
| 111|0x0000000088b00000, 0x0000000088c00000, 0x0000000088c00000|100%| E|CS|TAMS 0x0000000088b00000| PB 0x0000000088b00000| Complete |  0
| 112|0x0000000088c00000, 0x0000000088d00000, 0x0000000088d00000|100%| E|CS|TAMS 0x0000000088c00000| PB 0x0000000088c00000| Complete |  0
| 113|0x0000000088d00000, 0x0000000088e00000, 0x0000000088e00000|100%| E|CS|TAMS 0x0000000088d00000| PB 0x0000000088d00000| Complete |  0
| 114|0x0000000088e00000, 0x0000000088f00000, 0x0000000088f00000|100%| E|CS|TAMS 0x0000000088e00000| PB 0x0000000088e00000| Complete |  0
| 115|0x0000000088f00000, 0x0000000089000000, 0x0000000089000000|100%| E|CS|TAMS 0x0000000088f00000| PB 0x0000000088f00000| Complete |  0
| 116|0x0000000089000000, 0x0000000089100000, 0x0000000089100000|100%| E|CS|TAMS 0x0000000089000000| PB 0x0000000089000000| Complete |  0
| 117|0x0000000089100000, 0x0000000089200000, 0x0000000089200000|100%| E|CS|TAMS 0x0000000089100000| PB 0x0000000089100000| Complete |  0
| 118|0x0000000089200000, 0x0000000089300000, 0x0000000089300000|100%| E|CS|TAMS 0x0000000089200000| PB 0x0000000089200000| Complete |  0
| 119|0x0000000089300000, 0x0000000089400000, 0x0000000089400000|100%| E|CS|TAMS 0x0000000089300000| PB 0x0000000089300000| Complete |  0
| 120|0x0000000089400000, 0x0000000089500000, 0x0000000089500000|100%| E|CS|TAMS 0x0000000089400000| PB 0x0000000089400000| Complete |  0
| 121|0x0000000089500000, 0x0000000089600000, 0x0000000089600000|100%| E|CS|TAMS 0x0000000089500000| PB 0x0000000089500000| Complete |  0
| 122|0x0000000089600000, 0x0000000089700000, 0x0000000089700000|100%| E|CS|TAMS 0x0000000089600000| PB 0x0000000089600000| Complete |  0
| 123|0x0000000089700000, 0x0000000089800000, 0x0000000089800000|100%| E|CS|TAMS 0x0000000089700000| PB 0x0000000089700000| Complete |  0
| 124|0x0000000089800000, 0x0000000089900000, 0x0000000089900000|100%| E|CS|TAMS 0x0000000089800000| PB 0x0000000089800000| Complete |  0
| 125|0x0000000089900000, 0x0000000089a00000, 0x0000000089a00000|100%| E|CS|TAMS 0x0000000089900000| PB 0x0000000089900000| Complete |  0
| 126|0x0000000089a00000, 0x0000000089b00000, 0x0000000089b00000|100%| E|CS|TAMS 0x0000000089a00000| PB 0x0000000089a00000| Complete |  0
| 127|0x0000000089b00000, 0x0000000089c00000, 0x0000000089c00000|100%| E|CS|TAMS 0x0000000089b00000| PB 0x0000000089b00000| Complete |  0
|2018|0x00000000ffe00000, 0x00000000fff00000, 0x00000000fff00000|100%| O|  |TAMS 0x00000000ffe00000| PB 0x00000000ffe00000| Untracked |  0
|2019|0x00000000fff00000, 0x00000000fff29ee8, 0x0000000100000000| 16%| O|  |TAMS 0x00000000fff00000| PB 0x00000000fff00000| Untracked |  0

Card table byte_map: [0x000002284df10000,0x000002284e310000] _byte_map_base: 0x000002284db02000

Marking Bits: (CMBitMap*) 0x0000022834ba0750
 Bits: [0x000002284e310000, 0x00000228502a0000)

Polling page: 0x0000022834130000

Metaspace:

Usage:
  Non-class:      5.88 MB used.
      Class:    587.39 KB used.
       Both:      6.46 MB used.

Virtual space:
  Non-class space:       64.00 MB reserved,       6.00 MB (  9%) committed,  1 nodes.
      Class space:        1.00 GB reserved,     704.00 KB ( <1%) committed,  1 nodes.
             Both:        1.06 GB reserved,       6.69 MB ( <1%) committed. 

Chunk freelists:
   Non-Class:  9.67 MB
       Class:  15.16 MB
        Both:  24.83 MB

MaxMetaspaceSize: unlimited
CompressedClassSpaceSize: 1.00 GB
Initial GC threshold: 21.00 MB
Current GC threshold: 21.00 MB
CDS: on
 - commit_granule_bytes: 65536.
 - commit_granule_words: 8192.
 - virtual_space_node_default_size: 8388608.
 - enlarge_chunks_in_place: 1.
UseCompressedClassPointers 1, UseCompactObjectHeaders 0
Narrow klass pointer bits 32, Max shift 3
Narrow klass base: 0x0000022853000000, Narrow klass shift: 0
Encoding Range: [0x0000022853000000 - 0x0000022953000000), (4294967296 bytes)
Klass Range:    [0x0000022853000000 - 0x0000022894000000), (1090519040 bytes)
Klass ID Range:  [8 - 1090519033) (1090519025)


Internal statistics:

num_allocs_failed_limit: 0.
num_arena_births: 160.
num_arena_deaths: 0.
num_vsnodes_births: 2.
num_vsnodes_deaths: 0.
num_space_committed: 107.
num_space_uncommitted: 0.
num_chunks_returned_to_freelist: 0.
num_chunks_taken_from_freelist: 320.
num_chunk_merges: 0.
num_chunk_splits: 196.
num_chunks_enlarged: 117.
num_inconsistent_stats: 0.

CodeHeap 'non-profiled nmethods': size=120064Kb used=665Kb max_used=665Kb free=119398Kb
 bounds [0x00000228462a0000, 0x0000022846510000, 0x000002284d7e0000]
CodeHeap 'profiled nmethods': size=120000Kb used=3430Kb max_used=3430Kb free=116569Kb
 bounds [0x000002283e7e0000, 0x000002283eb40000, 0x0000022845d10000]
CodeHeap 'non-nmethods': size=5696Kb used=1316Kb max_used=1343Kb free=4379Kb
 bounds [0x0000022845d10000, 0x0000022845f80000, 0x00000228462a0000]
CodeCache: size=245760Kb, used=5411Kb, max_used=5438Kb, free=240346Kb
 total_blobs=2588, nmethods=2114, adapters=378, full_count=0
Compilation: enabled, stopped_count=0, restarted_count=0

Compilation events (20 events):
Event: 2.329 Thread 0x0000022852cec230 1284       4       java.lang.StringLatin1::indexOf (121 bytes)
Event: 2.330 Thread 0x0000022852cf2a80 1285       3       com.sun.org.apache.xerces.internal.util.XMLAttributesImpl::checkDuplicatesNS (110 bytes)
Event: 2.330 Thread 0x0000022852cf2a80 nmethod 1285 0x000002283e9cec08 code [0x000002283e9ced60, 0x000002283e9cf130]
Event: 2.330 Thread 0x0000022852cf2a80 1286       3       java.lang.ThreadLocal::set (26 bytes)
Event: 2.331 Thread 0x0000022852cf2a80 nmethod 1286 0x000002283e9cf188 code [0x000002283e9cf2e0, 0x000002283e9cf640]
Event: 2.331 Thread 0x0000022852cf2a80 1287       3       java.lang.ThreadLocal::set (28 bytes)
Event: 2.331 Thread 0x0000022852cf2a80 nmethod 1287 0x000002283e9cf688 code [0x000002283e9cf7e0, 0x000002283e9cfba8]
Event: 2.331 Thread 0x0000022852cf2a80 1288       1       org.apache.tools.ant.BuildEvent::setException (6 bytes)
Event: 2.331 Thread 0x0000022852cf2a80 nmethod 1288 0x00000228462f0c08 code [0x00000228462f0d20, 0x00000228462f0e30]
Event: 2.331 Thread 0x0000022852cf2a80 1289       3       org.apache.tools.ant.helper.ProjectHelper2$AntHandler::characters (62 bytes)
Event: 2.332 Thread 0x0000022852cf2a80 nmethod 1289 0x000002283e9cfc08 code [0x000002283e9cfe40, 0x000002283e9d0d10]
Event: 2.333 Thread 0x0000022852cf2a80 1290       1       org.apache.tools.ant.BuildEvent::getPriority (5 bytes)
Event: 2.333 Thread 0x0000022852cf2a80 nmethod 1290 0x00000228462f0f08 code [0x00000228462f1000, 0x00000228462f10c8]
Event: 2.333 Thread 0x0000022852cf2a80 1291       3       java.lang.ThreadLocal::get (35 bytes)
Event: 2.334 Thread 0x0000022852cf2a80 nmethod 1291 0x000002283e9d0d88 code [0x000002283e9d0ee0, 0x000002283e9d11c0]
Event: 2.334 Thread 0x0000022852cf2a80 1292       3       java.lang.ThreadLocal$ThreadLocalMap::getEntry (42 bytes)
Event: 2.334 Thread 0x0000022852cf2a80 nmethod 1292 0x000002283e9d1208 code [0x000002283e9d1360, 0x000002283e9d1798]
Event: 2.334 Thread 0x0000022852cf2a80 1296       3       com.sun.org.apache.xerces.internal.parsers.AbstractSAXParser$AttributesProxy::getValue (11 bytes)
Event: 2.334 Thread 0x0000022852cf2a80 nmethod 1296 0x000002283e9d1808 code [0x000002283e9d1920, 0x000002283e9d1b28]
Event: 2.334 Thread 0x0000022852cf2a80 1297       3       java.util.StringTokenizer::skipDelimiters (116 bytes)

GC Heap History (0 events):
No events

Dll operation events (6 events):
Event: 0.478 Loaded shared library C:\Users\Josie\Desktop\JASPER\zulu24.28.85-ca-fx-jdk24.0.0-win_x64\zulu24.28.85-ca-fx-jdk24.0.0-win_x64\bin\java.dll
Event: 0.772 Loaded shared library C:\Users\Josie\Desktop\JASPER\zulu24.28.85-ca-fx-jdk24.0.0-win_x64\zulu24.28.85-ca-fx-jdk24.0.0-win_x64\bin\jsvml.dll
Event: 0.794 Loaded shared library C:\Users\Josie\Desktop\JASPER\zulu24.28.85-ca-fx-jdk24.0.0-win_x64\zulu24.28.85-ca-fx-jdk24.0.0-win_x64\bin\net.dll
Event: 0.798 Loaded shared library C:\Users\Josie\Desktop\JASPER\zulu24.28.85-ca-fx-jdk24.0.0-win_x64\zulu24.28.85-ca-fx-jdk24.0.0-win_x64\bin\nio.dll
Event: 0.807 Loaded shared library C:\Users\Josie\Desktop\JASPER\zulu24.28.85-ca-fx-jdk24.0.0-win_x64\zulu24.28.85-ca-fx-jdk24.0.0-win_x64\bin\zip.dll
Event: 0.821 Loaded shared library C:\Users\Josie\Desktop\JASPER\zulu24.28.85-ca-fx-jdk24.0.0-win_x64\zulu24.28.85-ca-fx-jdk24.0.0-win_x64\bin\jimage.dll

Deoptimization events (20 events):
Event: 2.233 Thread 0x000002283282c150 Uncommon trap: trap_request=0xffffffc6 fr.pc=0x00000228462e25e4 relative=0x00000000000000a4
Event: 2.233 Thread 0x000002283282c150 Uncommon trap: reason=bimorphic_or_optimized_type_check action=maybe_recompile pc=0x00000228462e25e4 method=java.util.stream.Sink$ChainedReference.cancellationRequested()Z @ 4 c2
Event: 2.233 Thread 0x000002283282c150 DEOPT PACKING pc=0x00000228462e25e4 sp=0x00000044351fe950
Event: 2.233 Thread 0x000002283282c150 DEOPT UNPACKING pc=0x0000022845e2ca82 sp=0x00000044351fe8e0 mode 2
Event: 2.233 Thread 0x000002283282c150 Uncommon trap: trap_request=0xffffffc6 fr.pc=0x00000228462e25e4 relative=0x00000000000000a4
Event: 2.233 Thread 0x000002283282c150 Uncommon trap: reason=bimorphic_or_optimized_type_check action=maybe_recompile pc=0x00000228462e25e4 method=java.util.stream.Sink$ChainedReference.cancellationRequested()Z @ 4 c2
Event: 2.233 Thread 0x000002283282c150 DEOPT PACKING pc=0x00000228462e25e4 sp=0x00000044351fe8f0
Event: 2.233 Thread 0x000002283282c150 DEOPT UNPACKING pc=0x0000022845e2ca82 sp=0x00000044351fe880 mode 2
Event: 2.233 Thread 0x000002283282c150 Uncommon trap: trap_request=0xffffffde fr.pc=0x00000228462e5fb8 relative=0x0000000000000098
Event: 2.233 Thread 0x000002283282c150 Uncommon trap: reason=class_check action=maybe_recompile pc=0x00000228462e5fb8 method=java.util.stream.ReferencePipeline$2$1.accept(Ljava/lang/Object;)V @ 5 c2
Event: 2.233 Thread 0x000002283282c150 DEOPT PACKING pc=0x00000228462e5fb8 sp=0x00000044351feac0
Event: 2.233 Thread 0x000002283282c150 DEOPT UNPACKING pc=0x0000022845e2ca82 sp=0x00000044351fea68 mode 2
Event: 2.282 Thread 0x000002283282c150 Uncommon trap: trap_request=0xffffff4d fr.pc=0x00000228462ef078 relative=0x0000000000000078
Event: 2.282 Thread 0x000002283282c150 Uncommon trap: reason=unstable_if action=reinterpret pc=0x00000228462ef078 method=com.sun.org.apache.xerces.internal.impl.XMLEntityScanner.checkBeforeLoad(Lcom/sun/xml/internal/stream/Entity$ScannedEntity;II)I @ 18 c2
Event: 2.282 Thread 0x000002283282c150 DEOPT PACKING pc=0x00000228462ef078 sp=0x00000044351fe720
Event: 2.282 Thread 0x000002283282c150 DEOPT UNPACKING pc=0x0000022845e2ca82 sp=0x00000044351fe690 mode 2
Event: 2.321 Thread 0x000002283282c150 Uncommon trap: trap_request=0xffffff6e fr.pc=0x00000228462efd24 relative=0x0000000000000484
Event: 2.322 Thread 0x000002283282c150 Uncommon trap: reason=loop_limit_check action=maybe_recompile pc=0x00000228462efd24 method=java.lang.StringLatin1.indexOf([BI[BII)I @ 37 c2
Event: 2.322 Thread 0x000002283282c150 DEOPT PACKING pc=0x00000228462efd24 sp=0x00000044351fe360
Event: 2.322 Thread 0x000002283282c150 DEOPT UNPACKING pc=0x0000022845e2ca82 sp=0x00000044351fe2c0 mode 2

Classes loaded (20 events):
Event: 1.687 Loading class java/time/Year
Event: 1.694 Loading class java/time/Year done
Event: 2.076 Loading class java/lang/PublicMethods
Event: 2.076 Loading class java/lang/PublicMethods done
Event: 2.077 Loading class java/util/LinkedHashMap$LinkedValues
Event: 2.077 Loading class java/util/LinkedHashMap$LinkedValues done
Event: 2.077 Loading class java/util/LinkedHashMap$LinkedValueIterator
Event: 2.077 Loading class java/util/LinkedHashMap$LinkedValueIterator done
Event: 2.078 Loading class java/util/OptionalInt
Event: 2.078 Loading class java/util/OptionalInt done
Event: 2.078 Loading class java/util/OptionalLong
Event: 2.078 Loading class java/util/OptionalLong done
Event: 2.078 Loading class java/util/OptionalDouble
Event: 2.078 Loading class java/util/OptionalDouble done
Event: 2.202 Loading class java/util/ConcurrentModificationException
Event: 2.202 Loading class java/util/ConcurrentModificationException done
Event: 2.220 Loading class java/util/LinkedHashMap$LinkedKeySet
Event: 2.221 Loading class java/util/LinkedHashMap$LinkedKeySet done
Event: 2.221 Loading class java/util/LinkedHashMap$LinkedKeyIterator
Event: 2.221 Loading class java/util/LinkedHashMap$LinkedKeyIterator done

Classes unloaded (0 events):
No events

Classes redefined (0 events):
No events

Internal exceptions (13 events):
Event: 0.884 Thread 0x000002283282c150 Exception <a 'java/lang/NoSuchMethodError'{0x0000000089b63e40}: 'int java.lang.invoke.DirectMethodHandle$Holder.invokeSpecial(java.lang.Object, java.lang.Object, java.lang.Object)'> (0x0000000089b63e40) 
thrown [s\src\hotspot\share\interpreter\linkResolver.cpp, line 805]
Event: 1.060 Thread 0x000002283282c150 Exception <a 'java/lang/NoSuchMethodError'{0x0000000089891648}: 'java.lang.Object java.lang.invoke.DirectMethodHandle$Holder.invokeStaticInit(java.lang.Object, java.lang.Object, java.lang.Object, java.lang.Object)'> (0x0000000089891648) 
thrown [s\src\hotspot\share\interpreter\linkResolver.cpp, line 805]
Event: 1.071 Thread 0x000002283282c150 Exception <a 'java/lang/NoSuchMethodError'{0x00000000898bc7e8}: 'java.lang.Object java.lang.invoke.DirectMethodHandle$Holder.invokeStaticInit(java.lang.Object)'> (0x00000000898bc7e8) 
thrown [s\src\hotspot\share\interpreter\linkResolver.cpp, line 805]
Event: 1.118 Thread 0x000002283282c150 Exception <a 'java/lang/NoSuchMethodError'{0x000000008974eba0}: 'void java.lang.invoke.DirectMethodHandle$Holder.invokeStatic(java.lang.Object, java.lang.Object, java.lang.Object, java.lang.Object)'> (0x000000008974eba0) 
thrown [s\src\hotspot\share\interpreter\linkResolver.cpp, line 805]
Event: 1.132 Thread 0x000002283282c150 Exception <a 'java/lang/NoSuchMethodError'{0x0000000089785330}: 'java.lang.Object java.lang.invoke.DirectMethodHandle$Holder.invokeInterface(java.lang.Object, java.lang.Object, java.lang.Object)'> (0x0000000089785330) 
thrown [s\src\hotspot\share\interpreter\linkResolver.cpp, line 805]
Event: 1.133 Thread 0x000002283282c150 Exception <a 'java/lang/IncompatibleClassChangeError'{0x000000008978d0e8}: Found class java.lang.Object, but interface was expected> (0x000000008978d0e8) 
thrown [s\src\hotspot\share\interpreter\linkResolver.cpp, line 872]
Event: 1.231 Thread 0x000002283282c150 Exception <a 'java/lang/NoSuchMethodError'{0x00000000897f8da8}: 'java.lang.Object java.lang.invoke.DirectMethodHandle$Holder.invokeInterface(java.lang.Object, java.lang.Object)'> (0x00000000897f8da8) 
thrown [s\src\hotspot\share\interpreter\linkResolver.cpp, line 805]
Event: 1.246 Thread 0x000002283282c150 Exception <a 'java/lang/NoSuchMethodError'{0x000000008962cd90}: 'void java.lang.invoke.DirectMethodHandle$Holder.invokeStatic(java.lang.Object, java.lang.Object, java.lang.Object)'> (0x000000008962cd90) 
thrown [s\src\hotspot\share\interpreter\linkResolver.cpp, line 805]
Event: 1.487 Thread 0x000002283282c150 Exception <a 'java/lang/NoSuchMethodError'{0x0000000089587ef8}: 'java.lang.Object java.lang.invoke.DirectMethodHandle$Holder.invokeSpecialIFC(java.lang.Object, java.lang.Object, java.lang.Object, java.lang.Object)'> (0x0000000089587ef8) 
thrown [s\src\hotspot\share\interpreter\linkResolver.cpp, line 805]
Event: 2.180 Thread 0x000002283282c150 Exception <a 'java/lang/NoSuchMethodError'{0x0000000088f0f868}: 'void java.lang.invoke.DirectMethodHandle$Holder.invokeVirtual(java.lang.Object, java.lang.Object)'> (0x0000000088f0f868) 
thrown [s\src\hotspot\share\interpreter\linkResolver.cpp, line 805]
Event: 2.188 Thread 0x000002283282c150 Exception <a 'java/lang/NoSuchMethodError'{0x0000000088f17a60}: 'void java.lang.invoke.DirectMethodHandle$Holder.invokeSpecial(java.lang.Object, java.lang.Object, java.lang.Object)'> (0x0000000088f17a60) 
thrown [s\src\hotspot\share\interpreter\linkResolver.cpp, line 805]
Event: 2.203 Thread 0x000002283282c150 Exception <a 'java/lang/IncompatibleClassChangeError'{0x0000000088f538c0}: Found class java.lang.Object, but interface was expected> (0x0000000088f538c0) 
thrown [s\src\hotspot\share\interpreter\linkResolver.cpp, line 872]
Event: 2.227 Thread 0x000002283282c150 Exception <a 'java/lang/NoSuchMethodError'{0x0000000088f997d0}: 'java.lang.Object java.lang.invoke.DirectMethodHandle$Holder.newInvokeSpecial(java.lang.Object, java.lang.Object, java.lang.Object, java.lang.Object, java.lang.Object)'> (0x0000000088f997d0) 
thrown [s\src\hotspot\share\interpreter\linkResolver.cpp, line 805]

VM Operations (10 events):
Event: 1.072 Executing VM operation: HandshakeAllThreads (Deoptimize)
Event: 1.072 Executing VM operation: HandshakeAllThreads (Deoptimize) done
Event: 1.386 Executing VM operation: HandshakeAllThreads (Deoptimize)
Event: 1.386 Executing VM operation: HandshakeAllThreads (Deoptimize) done
Event: 1.392 Executing VM operation: HandshakeAllThreads (Deoptimize)
Event: 1.393 Executing VM operation: HandshakeAllThreads (Deoptimize) done
Event: 1.645 Executing VM operation: HandshakeAllThreads (Deoptimize)
Event: 1.645 Executing VM operation: HandshakeAllThreads (Deoptimize) done
Event: 2.204 Executing VM operation: HandshakeAllThreads (Deoptimize)
Event: 2.204 Executing VM operation: HandshakeAllThreads (Deoptimize) done

Memory protections (0 events):
No events

Nmethod flushes (0 events):
No events

Events (14 events):
Event: 0.710 Thread 0x000002283282c150 Thread added: 0x000002283282c150
Event: 0.740 Thread 0x000002283282c150 Thread added: 0x0000022852ce38d0
Event: 0.741 Thread 0x000002283282c150 Thread added: 0x0000022852ce5b90
Event: 0.741 Thread 0x000002283282c150 Thread added: 0x0000022852ce86d0
Event: 0.741 Thread 0x000002283282c150 Thread added: 0x0000022852ce9d70
Event: 0.741 Thread 0x000002283282c150 Thread added: 0x0000022852cea8a0
Event: 0.741 Thread 0x000002283282c150 Thread added: 0x0000022852ceb3d0
Event: 0.741 Thread 0x000002283282c150 Thread added: 0x0000022852cec230
Event: 0.744 Thread 0x000002283282c150 Thread added: 0x0000022852cf2a80
Event: 0.754 Thread 0x000002283282c150 Thread added: 0x00000228980034b0
Event: 0.759 Thread 0x000002283282c150 Thread added: 0x0000022898012430
Event: 0.981 Thread 0x0000022852cec230 Thread added: 0x00000228981e38c0
Event: 2.067 Thread 0x00000228981e38c0 Thread exited: 0x00000228981e38c0
Event: 2.257 Thread 0x0000022852cf2a80 Thread added: 0x000002289897b120


Dynamic libraries:
0x00007ff6969e0000 - 0x00007ff6969ee000 	C:\Users\Josie\Desktop\JASPER\zulu24.28.85-ca-fx-jdk24.0.0-win_x64\zulu24.28.85-ca-fx-jdk24.0.0-win_x64\bin\java.exe
0x00007ff848f00000 - 0x00007ff849160000 	C:\WINDOWS\SYSTEM32\ntdll.dll
0x00007ff847020000 - 0x00007ff8470e7000 	C:\WINDOWS\System32\KERNEL32.DLL
0x00007ff846870000 - 0x00007ff846c3a000 	C:\WINDOWS\System32\KERNELBASE.dll
0x00007ff8462b0000 - 0x00007ff8463fb000 	C:\WINDOWS\System32\ucrtbase.dll
0x00007ff839bd0000 - 0x00007ff839be6000 	C:\Users\Josie\Desktop\JASPER\zulu24.28.85-ca-fx-jdk24.0.0-win_x64\zulu24.28.85-ca-fx-jdk24.0.0-win_x64\bin\jli.dll
0x00007ff846e50000 - 0x00007ff84701c000 	C:\WINDOWS\System32\USER32.dll
0x00007ff8467a0000 - 0x00007ff8467c7000 	C:\WINDOWS\System32\win32u.dll
0x00007ff8474b0000 - 0x00007ff8474da000 	C:\WINDOWS\System32\GDI32.dll
0x00007ff8460e0000 - 0x00007ff846211000 	C:\WINDOWS\System32\gdi32full.dll
0x00007ff846580000 - 0x00007ff846623000 	C:\WINDOWS\System32\msvcp_win.dll
0x00007ff81c830000 - 0x00007ff81c84e000 	C:\Users\Josie\Desktop\JASPER\zulu24.28.85-ca-fx-jdk24.0.0-win_x64\zulu24.28.85-ca-fx-jdk24.0.0-win_x64\bin\VCRUNTIME140.dll
0x00007ff836150000 - 0x00007ff8363e7000 	C:\WINDOWS\WinSxS\amd64_microsoft.windows.common-controls_6595b64144ccf1df_6.0.26100.3624_none_3e086962e3345f24\COMCTL32.dll
0x00007ff847970000 - 0x00007ff847a19000 	C:\WINDOWS\System32\msvcrt.dll
0x00007ff846d00000 - 0x00007ff846d2f000 	C:\WINDOWS\System32\IMM32.DLL
0x00007ff841ea0000 - 0x00007ff841eac000 	C:\Users\Josie\Desktop\JASPER\zulu24.28.85-ca-fx-jdk24.0.0-win_x64\zulu24.28.85-ca-fx-jdk24.0.0-win_x64\bin\vcruntime140_1.dll
0x00007ff802460000 - 0x00007ff8024ed000 	C:\Users\Josie\Desktop\JASPER\zulu24.28.85-ca-fx-jdk24.0.0-win_x64\zulu24.28.85-ca-fx-jdk24.0.0-win_x64\bin\msvcp140.dll
0x00007fffba450000 - 0x00007fffbb2cc000 	C:\Users\Josie\Desktop\JASPER\zulu24.28.85-ca-fx-jdk24.0.0-win_x64\zulu24.28.85-ca-fx-jdk24.0.0-win_x64\bin\server\jvm.dll
0x00007ff848730000 - 0x00007ff8487e2000 	C:\WINDOWS\System32\ADVAPI32.dll
0x00007ff848e10000 - 0x00007ff848eb6000 	C:\WINDOWS\System32\sechost.dll
0x00007ff847a20000 - 0x00007ff847b36000 	C:\WINDOWS\System32\RPCRT4.dll
0x00007ff847660000 - 0x00007ff8476d4000 	C:\WINDOWS\System32\WS2_32.dll
0x00007ff845f30000 - 0x00007ff845f8e000 	C:\WINDOWS\SYSTEM32\POWRPROF.dll
0x00007ff841ce0000 - 0x00007ff841d16000 	C:\WINDOWS\SYSTEM32\WINMM.dll
0x00007ff83f040000 - 0x00007ff83f04b000 	C:\WINDOWS\SYSTEM32\VERSION.dll
0x00007ff845f10000 - 0x00007ff845f24000 	C:\WINDOWS\SYSTEM32\UMPDC.dll
0x00007ff844ef0000 - 0x00007ff844f0a000 	C:\WINDOWS\SYSTEM32\kernel.appcore.dll
0x00007ff827580000 - 0x00007ff82758a000 	C:\Users\Josie\Desktop\JASPER\zulu24.28.85-ca-fx-jdk24.0.0-win_x64\zulu24.28.85-ca-fx-jdk24.0.0-win_x64\bin\jimage.dll
0x00007ff843a90000 - 0x00007ff843cd1000 	C:\WINDOWS\SYSTEM32\DBGHELP.DLL
0x00007ff847120000 - 0x00007ff8474a2000 	C:\WINDOWS\System32\combase.dll
0x00007ff848880000 - 0x00007ff848956000 	C:\WINDOWS\System32\OLEAUT32.dll
0x00007ff80d0e0000 - 0x00007ff80d119000 	C:\WINDOWS\SYSTEM32\dbgcore.DLL
0x00007ff8467d0000 - 0x00007ff846869000 	C:\WINDOWS\System32\bcryptPrimitives.dll
0x00007ff8023c0000 - 0x00007ff8023de000 	C:\Users\Josie\Desktop\JASPER\zulu24.28.85-ca-fx-jdk24.0.0-win_x64\zulu24.28.85-ca-fx-jdk24.0.0-win_x64\bin\java.dll
0x00007ff8476e0000 - 0x00007ff847876000 	C:\WINDOWS\System32\ole32.dll
0x00007ff847b60000 - 0x00007ff848289000 	C:\WINDOWS\System32\SHELL32.dll
0x00007ff846630000 - 0x00007ff846798000 	C:\WINDOWS\System32\wintypes.dll
0x00007ff843ce0000 - 0x00007ff844532000 	C:\WINDOWS\SYSTEM32\windows.storage.dll
0x00007ff848d20000 - 0x00007ff848e0d000 	C:\WINDOWS\System32\SHCORE.dll
0x00007ff8474e0000 - 0x00007ff847544000 	C:\WINDOWS\System32\shlwapi.dll
0x00007ff845fc0000 - 0x00007ff845fef000 	C:\WINDOWS\SYSTEM32\profapi.dll
0x00007fffc5570000 - 0x00007fffc5647000 	C:\Users\Josie\Desktop\JASPER\zulu24.28.85-ca-fx-jdk24.0.0-win_x64\zulu24.28.85-ca-fx-jdk24.0.0-win_x64\bin\jsvml.dll
0x00007ff824640000 - 0x00007ff824650000 	C:\Users\Josie\Desktop\JASPER\zulu24.28.85-ca-fx-jdk24.0.0-win_x64\zulu24.28.85-ca-fx-jdk24.0.0-win_x64\bin\net.dll
0x00007ff845410000 - 0x00007ff84547a000 	C:\WINDOWS\system32\mswsock.dll
0x00007ff802420000 - 0x00007ff802436000 	C:\Users\Josie\Desktop\JASPER\zulu24.28.85-ca-fx-jdk24.0.0-win_x64\zulu24.28.85-ca-fx-jdk24.0.0-win_x64\bin\nio.dll
0x00007ff802400000 - 0x00007ff802417000 	C:\Users\Josie\Desktop\JASPER\zulu24.28.85-ca-fx-jdk24.0.0-win_x64\zulu24.28.85-ca-fx-jdk24.0.0-win_x64\bin\zip.dll

dbghelp: loaded successfully - version: 4.0.5 - missing functions: none
symbol engine: initialized successfully - sym options: 0x614 - pdb path: .;C:\Users\Josie\Desktop\JASPER\zulu24.28.85-ca-fx-jdk24.0.0-win_x64\zulu24.28.85-ca-fx-jdk24.0.0-win_x64\bin;C:\WINDOWS\SYSTEM32;C:\WINDOWS\WinSxS\amd64_microsoft.windows.common-controls_6595b64144ccf1df_6.0.26100.3624_none_3e086962e3345f24;C:\Users\Josie\Desktop\JASPER\zulu24.28.85-ca-fx-jdk24.0.0-win_x64\zulu24.28.85-ca-fx-jdk24.0.0-win_x64\bin\server

VM Arguments:
jvm_args: -Dant.home=C:\Program Files\NetBeans-25\netbeans\extide\ant\bin\.. 
java_command: org.apache.tools.ant.launch.Launcher -f C:\Users\Josie\Documents\NetBeansProjects\StudentRecordSystem\build.xml -Dant.rerun 1 jfxsa-run-no-another-jvm
java_class_path (initial): C:\Program Files\NetBeans-25\netbeans\extide\ant\bin\..\lib\ant-launcher.jar
Launcher Type: SUN_STANDARD

[Global flags]
     intx CICompilerCount                          = 4                                         {product} {ergonomic}
     uint ConcGCThreads                            = 2                                         {product} {ergonomic}
     uint G1ConcRefinementThreads                  = 8                                         {product} {ergonomic}
   size_t G1HeapRegionSize                         = 1048576                                   {product} {ergonomic}
   size_t InitialHeapSize                          = 134217728                                 {product} {ergonomic}
   size_t MarkStackSize                            = 4194304                                   {product} {ergonomic}
   size_t MarkStackSizeMax                         = 536870912                                 {product} {ergonomic}
   size_t MaxHeapSize                              = 2118123520                                {product} {ergonomic}
   size_t MaxNewSize                               = 1270874112                                {product} {ergonomic}
   size_t MinHeapDeltaBytes                        = 1048576                                   {product} {ergonomic}
   size_t MinHeapSize                              = 8388608                                   {product} {ergonomic}
    uintx NonNMethodCodeHeapSize                   = 5832704                                {pd product} {ergonomic}
    uintx NonProfiledCodeHeapSize                  = 122945536                              {pd product} {ergonomic}
    uintx ProfiledCodeHeapSize                     = 122880000                              {pd product} {ergonomic}
    uintx ReservedCodeCacheSize                    = 251658240                              {pd product} {ergonomic}
     bool SegmentedCodeCache                       = true                                      {product} {ergonomic}
   size_t SoftMaxHeapSize                          = 2118123520                             {manageable} {ergonomic}
     bool UseCompressedOops                        = true                           {product lp64_product} {ergonomic}
     bool UseG1GC                                  = true                                      {product} {ergonomic}
     bool UseLargePagesIndividualAllocation        = false                                  {pd product} {ergonomic}

Logging:
Log output configuration:
 #0: stdout all=warning uptime,level,tags foldmultilines=false
 #1: stderr all=off uptime,level,tags foldmultilines=false

Environment Variables:
PATH=C:\Program Files\Common Files\Oracle\Java\javapath;C:\WINDOWS\system32;C:\WINDOWS;C:\WINDOWS\System32\Wbem;C:\WINDOWS\System32\WindowsPowerShell\v1.0\;C:\WINDOWS\System32\OpenSSH\;C:\Program Files\dotnet\;C:\Users\Josie\AppData\Local\Microsoft\WindowsApps;;C:\Users\Josie\Desktop\Microsoft VS Code\bin;C:\Users\Josie\AppData\Local\Muse Hub\lib
USERNAME=Josie
OS=Windows_NT
PROCESSOR_IDENTIFIER=Intel64 Family 6 Model 142 Stepping 10, GenuineIntel
TMP=C:\Users\Josie\AppData\Local\Temp
TEMP=C:\Users\Josie\AppData\Local\Temp




Periodic native trim disabled

---------------  S Y S T E M  ---------------

OS:
 Windows 11 , 64 bit Build 26100 (10.0.26100.3775)
OS uptime: 0 days 0:18 hours

CPU: total 8 (initial active 8) (4 cores per cpu, 2 threads per core) family 6 model 142 stepping 10 microcode 0xe0, cx8, cmov, fxsr, ht, mmx, 3dnowpref, sse, sse2, sse3, ssse3, sse4.1, sse4.2, popcnt, lzcnt, tsc, tscinvbit, avx, avx2, aes, erms, clmul, bmi1, bmi2, adx, fma, vzeroupper, clflush, clflushopt, rdtscp, f16c
Processor Information for the first 8 processors :
  Max Mhz: 1800, Current Mhz: 1800, Mhz Limit: 1584

Memory: 4k page, system-wide physical 8078M (1718M free)
TotalPageFile size 10429M (AvailPageFile size 1776M)
current process WorkingSet (physical memory assigned to process): 105M, peak: 106M
current process commit charge ("private bytes"): 231M, peak: 235M

vm_info: OpenJDK 64-Bit Server VM (24+36) for windows-amd64 JRE (24+36) (Zulu24.28+85-CA), built on 2025-03-05T16:55:07Z with MS VC++ 17.1 (VS2022)

END.
