#
# There is insufficient memory for the Java Runtime Environment to continue.
# Native memory allocation (malloc) failed to allocate 2628304 bytes. Error detail: Chunk::new
# Possible reasons:
#   The system is out of physical RAM or swap space
#   This process is running with CompressedOops enabled, and the Java Heap may be blocking the growth of the native heap
# Possible solutions:
#   Reduce memory load on the system
#   Increase physical memory or swap space
#   Check if swap backing store is full
#   Decrease Java heap size (-Xmx/-Xms)
#   Decrease number of Java threads
#   Decrease Java thread stack sizes (-Xss)
#   Set larger code cache with -XX:ReservedCodeCacheSize=
#   JVM is running with Unscaled Compressed Oops mode in which the Java heap is
#     placed in the first 4GB address space. The Java Heap base address is the
#     maximum limit for the native heap growth. Please use -XX:HeapBaseMinAddress
#     to set the Java Heap base and to place the Java Heap above 4GB virtual address.
# This output file may be truncated or incomplete.
#
#  Out of Memory Error (arena.cpp:162), pid=13064, tid=12520
#
# JRE version: OpenJDK Runtime Environment Zulu24.28+85-CA (24.0+36) (build 24+36)
# Java VM: OpenJDK 64-Bit Server VM Zulu24.28+85-CA (24+36, mixed mode, sharing, tiered, compressed oops, compressed class ptrs, g1 gc, windows-amd64)
# No core dump will be written. Minidumps are not enabled by default on client versions of Windows
#

---------------  S U M M A R Y ------------

Command Line: -Dant.home=C:\Program Files\NetBeans-25\netbeans\extide\ant\bin\.. org.apache.tools.ant.launch.Launcher -f C:\Users\Josie\Documents\NetBeansProjects\StudentRecordSystem\build.xml -Dant.rerun 1 jfxsa-run-no-another-jvm

Host: Intel(R) Core(TM) i5-8250U CPU @ 1.60GHz, 8 cores, 7G,  Windows 11 , 64 bit Build 26100 (10.0.26100.3775)
Time: Fri Apr 11 16:07:00 2025 Malay Peninsula Standard Time elapsed time: 3.675085 seconds (0d 0h 0m 3s)

---------------  T H R E A D  ---------------

Current thread (0x000001fcee5f7710):  JavaThread "C2 CompilerThread1" daemon [_thread_in_native, id=12520, stack(0x00000066d9b00000,0x00000066d9c00000) (1024K)]


Current CompileTask:
C2:3675 1336       4       com.sun.org.apache.xerces.internal.impl.XMLEntityScanner::scanQName (580 bytes)

Stack: [0x00000066d9b00000,0x00000066d9c00000]
Native frames: (J=compiled Java code, j=interpreted, Vv=VM code, C=native code)
V  [jvm.dll+0x741329]  (no source info available)
V  [jvm.dll+0x97e0c3]  (no source info available)
V  [jvm.dll+0x98039d]  (no source info available)
V  [jvm.dll+0x980a13]  (no source info available)
V  [jvm.dll+0x2b5ad6]  (no source info available)
V  [jvm.dll+0xd013f]  (no source info available)
V  [jvm.dll+0xd039f]  (no source info available)
V  [jvm.dll+0x15b85f]  (no source info available)
V  [jvm.dll+0x746bef]  (no source info available)
V  [jvm.dll+0x27a4e8]  (no source info available)
V  [jvm.dll+0x279601]  (no source info available)
V  [jvm.dll+0x1f30da]  (no source info available)
V  [jvm.dll+0x288df5]  (no source info available)
V  [jvm.dll+0x28708a]  (no source info available)
V  [jvm.dll+0x43e136]  (no source info available)
V  [jvm.dll+0x920b08]  (no source info available)
V  [jvm.dll+0x73fab5]  (no source info available)
C  [ucrtbase.dll+0x37b0]  (no source info available)
C  [KERNEL32.DLL+0x2e8d7]  (no source info available)
C  [ntdll.dll+0xb14fc]  (no source info available)

Lock stack of current Java thread (top to bottom):


---------------  P R O C E S S  ---------------

Threads class SMR info:
_java_thread_list=0x000001fcee881f90, length=12, elements={
0x000001fc87efc960, 0x000001fca84a9d70, 0x000001fca84ab4c0, 0x000001fca84ae000,
0x000001fca84aeb30, 0x000001fca84af660, 0x000001fca84b0190, 0x000001fca84b0ff0,
0x000001fca84b1b70, 0x000001fca84c0dd0, 0x000001fca84d1900, 0x000001fcee5f7710
}

Java Threads: ( => current thread )
  0x000001fc87efc960 JavaThread "main"                              [_thread_in_native, id=13128, stack(0x00000066d8700000,0x00000066d8800000) (1024K)]
  0x000001fca84a9d70 JavaThread "Reference Handler"          daemon [_thread_blocked, id=3972, stack(0x00000066d9100000,0x00000066d9200000) (1024K)]
  0x000001fca84ab4c0 JavaThread "Finalizer"                  daemon [_thread_blocked, id=4664, stack(0x00000066d9200000,0x00000066d9300000) (1024K)]
  0x000001fca84ae000 JavaThread "Signal Dispatcher"          daemon [_thread_blocked, id=8464, stack(0x00000066d9300000,0x00000066d9400000) (1024K)]
  0x000001fca84aeb30 JavaThread "Attach Listener"            daemon [_thread_blocked, id=11292, stack(0x00000066d9400000,0x00000066d9500000) (1024K)]
  0x000001fca84af660 JavaThread "Service Thread"             daemon [_thread_blocked, id=12264, stack(0x00000066d9500000,0x00000066d9600000) (1024K)]
  0x000001fca84b0190 JavaThread "Monitor Deflation Thread"   daemon [_thread_blocked, id=8376, stack(0x00000066d9600000,0x00000066d9700000) (1024K)]
  0x000001fca84b0ff0 JavaThread "C2 CompilerThread0"         daemon [_thread_blocked, id=6212, stack(0x00000066d9700000,0x00000066d9800000) (1024K)]
  0x000001fca84b1b70 JavaThread "C1 CompilerThread0"         daemon [_thread_blocked, id=11720, stack(0x00000066d9800000,0x00000066d9900000) (1024K)]
  0x000001fca84c0dd0 JavaThread "Notification Thread"        daemon [_thread_blocked, id=3580, stack(0x00000066d9900000,0x00000066d9a00000) (1024K)]
  0x000001fca84d1900 JavaThread "Common-Cleaner"             daemon [_thread_blocked, id=11596, stack(0x00000066d9a00000,0x00000066d9b00000) (1024K)]
=>0x000001fcee5f7710 JavaThread "C2 CompilerThread1"         daemon [_thread_in_native, id=12520, stack(0x00000066d9b00000,0x00000066d9c00000) (1024K)]
Total: 12

Other Threads:
  0x000001fca8491dd0 VMThread "VM Thread"                           [id=3540, stack(0x00000066d9000000,0x00000066d9100000) (1024K)]
  0x000001fca84808f0 WatcherThread "VM Periodic Task Thread"        [id=11680, stack(0x00000066d8f00000,0x00000066d9000000) (1024K)]
  0x000001fc8a351340 WorkerThread "GC Thread#0"                     [id=13216, stack(0x00000066d8a00000,0x00000066d8b00000) (1024K)]
  0x000001fc8a365e30 ConcurrentGCThread "G1 Main Marker"            [id=13220, stack(0x00000066d8b00000,0x00000066d8c00000) (1024K)]
  0x000001fc8a366840 WorkerThread "G1 Conc#0"                       [id=13224, stack(0x00000066d8c00000,0x00000066d8d00000) (1024K)]
  0x000001fca8341560 ConcurrentGCThread "G1 Refine#0"               [id=13228, stack(0x00000066d8d00000,0x00000066d8e00000) (1024K)]
  0x000001fca8342be0 ConcurrentGCThread "G1 Service"                [id=13232, stack(0x00000066d8e00000,0x00000066d8f00000) (1024K)]
Total: 7

Threads with active compile tasks:
C2 CompilerThread1  17149 1336       4       com.sun.org.apache.xerces.internal.impl.XMLEntityScanner::scanQName (580 bytes)
Total: 1

VM state: not at safepoint (normal execution)

VM Mutex/Monitor currently owned by a thread: None

Heap address: 0x0000000081c00000, size: 2020 MB, Compressed Oops mode: 32-bit

CDS archive(s) mapped at: [0x000001fca9000000-0x000001fca9d50000-0x000001fca9d50000), size 13959168, SharedBaseAddress: 0x000001fca9000000, ArchiveRelocationMode: 1.
Compressed class space mapped at: 0x000001fcaa000000-0x000001fcea000000, reserved size: 1073741824
UseCompressedClassPointers 1, UseCompactObjectHeaders 0
Narrow klass pointer bits 32, Max shift 3
Narrow klass base: 0x000001fca9000000, Narrow klass shift: 0
Encoding Range: [0x000001fca9000000 - 0x000001fda9000000), (4294967296 bytes)
Klass Range:    [0x000001fca9000000 - 0x000001fcea000000), (1090519040 bytes)
Klass ID Range:  [8 - 1090519033) (1090519025)

GC Precious Log:
 CardTable entry size: 512
 Card Set container configuration: InlinePtr #cards 5 size 8 Array Of Cards #cards 10 size 36 Howl #buckets 4 coarsen threshold 1843 Howl Bitmap #cards 512 size 80 coarsen threshold 460 Card regions per heap region 1 cards per card region 2048
 CPUs: 8 total, 8 available
 Memory: 8078M
 Large Page Support: Disabled
 NUMA Support: Disabled
 Compressed Oops: Enabled (32-bit)
 Heap Region Size: 1M
 Heap Min Capacity: 8M
 Heap Initial Capacity: 128M
 Heap Max Capacity: 2020M
 Pre-touch: Disabled
 Parallel Workers: 8
 Concurrent Workers: 2
 Concurrent Refinement Workers: 8
 Periodic GC: Disabled

Heap:
 garbage-first heap   total reserved 2068480K, committed 133120K, used 46247K [0x0000000081c00000, 0x0000000100000000)
  region size 1024K, 46 young (47104K), 0 survivors (0K)
 Metaspace       used 6642K, committed 6912K, reserved 1114112K
  class space    used 587K, committed 704K, reserved 1048576K

Heap Regions: E=young(eden), S=young(survivor), O=old, HS=humongous(starts), HC=humongous(continues), CS=collection set, F=free, TAMS=top-at-mark-start, PB=parsable bottom
|   0|0x0000000081c00000, 0x0000000081c00000, 0x0000000081d00000|  0%| F|  |TAMS 0x0000000081c00000| PB 0x0000000081c00000| Untracked |  0
|   1|0x0000000081d00000, 0x0000000081d00000, 0x0000000081e00000|  0%| F|  |TAMS 0x0000000081d00000| PB 0x0000000081d00000| Untracked |  0
|   2|0x0000000081e00000, 0x0000000081e00000, 0x0000000081f00000|  0%| F|  |TAMS 0x0000000081e00000| PB 0x0000000081e00000| Untracked |  0
|   3|0x0000000081f00000, 0x0000000081f00000, 0x0000000082000000|  0%| F|  |TAMS 0x0000000081f00000| PB 0x0000000081f00000| Untracked |  0
|   4|0x0000000082000000, 0x0000000082000000, 0x0000000082100000|  0%| F|  |TAMS 0x0000000082000000| PB 0x0000000082000000| Untracked |  0
|   5|0x0000000082100000, 0x0000000082100000, 0x0000000082200000|  0%| F|  |TAMS 0x0000000082100000| PB 0x0000000082100000| Untracked |  0
|   6|0x0000000082200000, 0x0000000082200000, 0x0000000082300000|  0%| F|  |TAMS 0x0000000082200000| PB 0x0000000082200000| Untracked |  0
|   7|0x0000000082300000, 0x0000000082300000, 0x0000000082400000|  0%| F|  |TAMS 0x0000000082300000| PB 0x0000000082300000| Untracked |  0
|   8|0x0000000082400000, 0x0000000082400000, 0x0000000082500000|  0%| F|  |TAMS 0x0000000082400000| PB 0x0000000082400000| Untracked |  0
|   9|0x0000000082500000, 0x0000000082500000, 0x0000000082600000|  0%| F|  |TAMS 0x0000000082500000| PB 0x0000000082500000| Untracked |  0
|  10|0x0000000082600000, 0x0000000082600000, 0x0000000082700000|  0%| F|  |TAMS 0x0000000082600000| PB 0x0000000082600000| Untracked |  0
|  11|0x0000000082700000, 0x0000000082700000, 0x0000000082800000|  0%| F|  |TAMS 0x0000000082700000| PB 0x0000000082700000| Untracked |  0
|  12|0x0000000082800000, 0x0000000082800000, 0x0000000082900000|  0%| F|  |TAMS 0x0000000082800000| PB 0x0000000082800000| Untracked |  0
|  13|0x0000000082900000, 0x0000000082900000, 0x0000000082a00000|  0%| F|  |TAMS 0x0000000082900000| PB 0x0000000082900000| Untracked |  0
|  14|0x0000000082a00000, 0x0000000082a00000, 0x0000000082b00000|  0%| F|  |TAMS 0x0000000082a00000| PB 0x0000000082a00000| Untracked |  0
|  15|0x0000000082b00000, 0x0000000082b00000, 0x0000000082c00000|  0%| F|  |TAMS 0x0000000082b00000| PB 0x0000000082b00000| Untracked |  0
|  16|0x0000000082c00000, 0x0000000082c00000, 0x0000000082d00000|  0%| F|  |TAMS 0x0000000082c00000| PB 0x0000000082c00000| Untracked |  0
|  17|0x0000000082d00000, 0x0000000082d00000, 0x0000000082e00000|  0%| F|  |TAMS 0x0000000082d00000| PB 0x0000000082d00000| Untracked |  0
|  18|0x0000000082e00000, 0x0000000082e00000, 0x0000000082f00000|  0%| F|  |TAMS 0x0000000082e00000| PB 0x0000000082e00000| Untracked |  0
|  19|0x0000000082f00000, 0x0000000082f00000, 0x0000000083000000|  0%| F|  |TAMS 0x0000000082f00000| PB 0x0000000082f00000| Untracked |  0
|  20|0x0000000083000000, 0x0000000083000000, 0x0000000083100000|  0%| F|  |TAMS 0x0000000083000000| PB 0x0000000083000000| Untracked |  0
|  21|0x0000000083100000, 0x0000000083100000, 0x0000000083200000|  0%| F|  |TAMS 0x0000000083100000| PB 0x0000000083100000| Untracked |  0
|  22|0x0000000083200000, 0x0000000083200000, 0x0000000083300000|  0%| F|  |TAMS 0x0000000083200000| PB 0x0000000083200000| Untracked |  0
|  23|0x0000000083300000, 0x0000000083300000, 0x0000000083400000|  0%| F|  |TAMS 0x0000000083300000| PB 0x0000000083300000| Untracked |  0
|  24|0x0000000083400000, 0x0000000083400000, 0x0000000083500000|  0%| F|  |TAMS 0x0000000083400000| PB 0x0000000083400000| Untracked |  0
|  25|0x0000000083500000, 0x0000000083500000, 0x0000000083600000|  0%| F|  |TAMS 0x0000000083500000| PB 0x0000000083500000| Untracked |  0
|  26|0x0000000083600000, 0x0000000083600000, 0x0000000083700000|  0%| F|  |TAMS 0x0000000083600000| PB 0x0000000083600000| Untracked |  0
|  27|0x0000000083700000, 0x0000000083700000, 0x0000000083800000|  0%| F|  |TAMS 0x0000000083700000| PB 0x0000000083700000| Untracked |  0
|  28|0x0000000083800000, 0x0000000083800000, 0x0000000083900000|  0%| F|  |TAMS 0x0000000083800000| PB 0x0000000083800000| Untracked |  0
|  29|0x0000000083900000, 0x0000000083900000, 0x0000000083a00000|  0%| F|  |TAMS 0x0000000083900000| PB 0x0000000083900000| Untracked |  0
|  30|0x0000000083a00000, 0x0000000083a00000, 0x0000000083b00000|  0%| F|  |TAMS 0x0000000083a00000| PB 0x0000000083a00000| Untracked |  0
|  31|0x0000000083b00000, 0x0000000083b00000, 0x0000000083c00000|  0%| F|  |TAMS 0x0000000083b00000| PB 0x0000000083b00000| Untracked |  0
|  32|0x0000000083c00000, 0x0000000083c00000, 0x0000000083d00000|  0%| F|  |TAMS 0x0000000083c00000| PB 0x0000000083c00000| Untracked |  0
|  33|0x0000000083d00000, 0x0000000083d00000, 0x0000000083e00000|  0%| F|  |TAMS 0x0000000083d00000| PB 0x0000000083d00000| Untracked |  0
|  34|0x0000000083e00000, 0x0000000083e00000, 0x0000000083f00000|  0%| F|  |TAMS 0x0000000083e00000| PB 0x0000000083e00000| Untracked |  0
|  35|0x0000000083f00000, 0x0000000083f00000, 0x0000000084000000|  0%| F|  |TAMS 0x0000000083f00000| PB 0x0000000083f00000| Untracked |  0
|  36|0x0000000084000000, 0x0000000084000000, 0x0000000084100000|  0%| F|  |TAMS 0x0000000084000000| PB 0x0000000084000000| Untracked |  0
|  37|0x0000000084100000, 0x0000000084100000, 0x0000000084200000|  0%| F|  |TAMS 0x0000000084100000| PB 0x0000000084100000| Untracked |  0
|  38|0x0000000084200000, 0x0000000084200000, 0x0000000084300000|  0%| F|  |TAMS 0x0000000084200000| PB 0x0000000084200000| Untracked |  0
|  39|0x0000000084300000, 0x0000000084300000, 0x0000000084400000|  0%| F|  |TAMS 0x0000000084300000| PB 0x0000000084300000| Untracked |  0
|  40|0x0000000084400000, 0x0000000084400000, 0x0000000084500000|  0%| F|  |TAMS 0x0000000084400000| PB 0x0000000084400000| Untracked |  0
|  41|0x0000000084500000, 0x0000000084500000, 0x0000000084600000|  0%| F|  |TAMS 0x0000000084500000| PB 0x0000000084500000| Untracked |  0
|  42|0x0000000084600000, 0x0000000084600000, 0x0000000084700000|  0%| F|  |TAMS 0x0000000084600000| PB 0x0000000084600000| Untracked |  0
|  43|0x0000000084700000, 0x0000000084700000, 0x0000000084800000|  0%| F|  |TAMS 0x0000000084700000| PB 0x0000000084700000| Untracked |  0
|  44|0x0000000084800000, 0x0000000084800000, 0x0000000084900000|  0%| F|  |TAMS 0x0000000084800000| PB 0x0000000084800000| Untracked |  0
|  45|0x0000000084900000, 0x0000000084900000, 0x0000000084a00000|  0%| F|  |TAMS 0x0000000084900000| PB 0x0000000084900000| Untracked |  0
|  46|0x0000000084a00000, 0x0000000084a00000, 0x0000000084b00000|  0%| F|  |TAMS 0x0000000084a00000| PB 0x0000000084a00000| Untracked |  0
|  47|0x0000000084b00000, 0x0000000084b00000, 0x0000000084c00000|  0%| F|  |TAMS 0x0000000084b00000| PB 0x0000000084b00000| Untracked |  0
|  48|0x0000000084c00000, 0x0000000084c00000, 0x0000000084d00000|  0%| F|  |TAMS 0x0000000084c00000| PB 0x0000000084c00000| Untracked |  0
|  49|0x0000000084d00000, 0x0000000084d00000, 0x0000000084e00000|  0%| F|  |TAMS 0x0000000084d00000| PB 0x0000000084d00000| Untracked |  0
|  50|0x0000000084e00000, 0x0000000084e00000, 0x0000000084f00000|  0%| F|  |TAMS 0x0000000084e00000| PB 0x0000000084e00000| Untracked |  0
|  51|0x0000000084f00000, 0x0000000084f00000, 0x0000000085000000|  0%| F|  |TAMS 0x0000000084f00000| PB 0x0000000084f00000| Untracked |  0
|  52|0x0000000085000000, 0x0000000085000000, 0x0000000085100000|  0%| F|  |TAMS 0x0000000085000000| PB 0x0000000085000000| Untracked |  0
|  53|0x0000000085100000, 0x0000000085100000, 0x0000000085200000|  0%| F|  |TAMS 0x0000000085100000| PB 0x0000000085100000| Untracked |  0
|  54|0x0000000085200000, 0x0000000085200000, 0x0000000085300000|  0%| F|  |TAMS 0x0000000085200000| PB 0x0000000085200000| Untracked |  0
|  55|0x0000000085300000, 0x0000000085300000, 0x0000000085400000|  0%| F|  |TAMS 0x0000000085300000| PB 0x0000000085300000| Untracked |  0
|  56|0x0000000085400000, 0x0000000085400000, 0x0000000085500000|  0%| F|  |TAMS 0x0000000085400000| PB 0x0000000085400000| Untracked |  0
|  57|0x0000000085500000, 0x0000000085500000, 0x0000000085600000|  0%| F|  |TAMS 0x0000000085500000| PB 0x0000000085500000| Untracked |  0
|  58|0x0000000085600000, 0x0000000085600000, 0x0000000085700000|  0%| F|  |TAMS 0x0000000085600000| PB 0x0000000085600000| Untracked |  0
|  59|0x0000000085700000, 0x0000000085700000, 0x0000000085800000|  0%| F|  |TAMS 0x0000000085700000| PB 0x0000000085700000| Untracked |  0
|  60|0x0000000085800000, 0x0000000085800000, 0x0000000085900000|  0%| F|  |TAMS 0x0000000085800000| PB 0x0000000085800000| Untracked |  0
|  61|0x0000000085900000, 0x0000000085900000, 0x0000000085a00000|  0%| F|  |TAMS 0x0000000085900000| PB 0x0000000085900000| Untracked |  0
|  62|0x0000000085a00000, 0x0000000085a00000, 0x0000000085b00000|  0%| F|  |TAMS 0x0000000085a00000| PB 0x0000000085a00000| Untracked |  0
|  63|0x0000000085b00000, 0x0000000085b00000, 0x0000000085c00000|  0%| F|  |TAMS 0x0000000085b00000| PB 0x0000000085b00000| Untracked |  0
|  64|0x0000000085c00000, 0x0000000085c00000, 0x0000000085d00000|  0%| F|  |TAMS 0x0000000085c00000| PB 0x0000000085c00000| Untracked |  0
|  65|0x0000000085d00000, 0x0000000085d00000, 0x0000000085e00000|  0%| F|  |TAMS 0x0000000085d00000| PB 0x0000000085d00000| Untracked |  0
|  66|0x0000000085e00000, 0x0000000085e00000, 0x0000000085f00000|  0%| F|  |TAMS 0x0000000085e00000| PB 0x0000000085e00000| Untracked |  0
|  67|0x0000000085f00000, 0x0000000085f00000, 0x0000000086000000|  0%| F|  |TAMS 0x0000000085f00000| PB 0x0000000085f00000| Untracked |  0
|  68|0x0000000086000000, 0x0000000086000000, 0x0000000086100000|  0%| F|  |TAMS 0x0000000086000000| PB 0x0000000086000000| Untracked |  0
|  69|0x0000000086100000, 0x0000000086100000, 0x0000000086200000|  0%| F|  |TAMS 0x0000000086100000| PB 0x0000000086100000| Untracked |  0
|  70|0x0000000086200000, 0x0000000086200000, 0x0000000086300000|  0%| F|  |TAMS 0x0000000086200000| PB 0x0000000086200000| Untracked |  0
|  71|0x0000000086300000, 0x0000000086300000, 0x0000000086400000|  0%| F|  |TAMS 0x0000000086300000| PB 0x0000000086300000| Untracked |  0
|  72|0x0000000086400000, 0x0000000086400000, 0x0000000086500000|  0%| F|  |TAMS 0x0000000086400000| PB 0x0000000086400000| Untracked |  0
|  73|0x0000000086500000, 0x0000000086500000, 0x0000000086600000|  0%| F|  |TAMS 0x0000000086500000| PB 0x0000000086500000| Untracked |  0
|  74|0x0000000086600000, 0x0000000086600000, 0x0000000086700000|  0%| F|  |TAMS 0x0000000086600000| PB 0x0000000086600000| Untracked |  0
|  75|0x0000000086700000, 0x0000000086700000, 0x0000000086800000|  0%| F|  |TAMS 0x0000000086700000| PB 0x0000000086700000| Untracked |  0
|  76|0x0000000086800000, 0x0000000086800000, 0x0000000086900000|  0%| F|  |TAMS 0x0000000086800000| PB 0x0000000086800000| Untracked |  0
|  77|0x0000000086900000, 0x0000000086900000, 0x0000000086a00000|  0%| F|  |TAMS 0x0000000086900000| PB 0x0000000086900000| Untracked |  0
|  78|0x0000000086a00000, 0x0000000086a00000, 0x0000000086b00000|  0%| F|  |TAMS 0x0000000086a00000| PB 0x0000000086a00000| Untracked |  0
|  79|0x0000000086b00000, 0x0000000086b00000, 0x0000000086c00000|  0%| F|  |TAMS 0x0000000086b00000| PB 0x0000000086b00000| Untracked |  0
|  80|0x0000000086c00000, 0x0000000086c00000, 0x0000000086d00000|  0%| F|  |TAMS 0x0000000086c00000| PB 0x0000000086c00000| Untracked |  0
|  81|0x0000000086d00000, 0x0000000086d00000, 0x0000000086e00000|  0%| F|  |TAMS 0x0000000086d00000| PB 0x0000000086d00000| Untracked |  0
|  82|0x0000000086e00000, 0x0000000086e80000, 0x0000000086f00000| 50%| E|  |TAMS 0x0000000086e00000| PB 0x0000000086e00000| Complete |  0
|  83|0x0000000086f00000, 0x0000000087000000, 0x0000000087000000|100%| E|CS|TAMS 0x0000000086f00000| PB 0x0000000086f00000| Complete |  0
|  84|0x0000000087000000, 0x0000000087100000, 0x0000000087100000|100%| E|CS|TAMS 0x0000000087000000| PB 0x0000000087000000| Complete |  0
|  85|0x0000000087100000, 0x0000000087200000, 0x0000000087200000|100%| E|CS|TAMS 0x0000000087100000| PB 0x0000000087100000| Complete |  0
|  86|0x0000000087200000, 0x0000000087300000, 0x0000000087300000|100%| E|CS|TAMS 0x0000000087200000| PB 0x0000000087200000| Complete |  0
|  87|0x0000000087300000, 0x0000000087400000, 0x0000000087400000|100%| E|CS|TAMS 0x0000000087300000| PB 0x0000000087300000| Complete |  0
|  88|0x0000000087400000, 0x0000000087500000, 0x0000000087500000|100%| E|CS|TAMS 0x0000000087400000| PB 0x0000000087400000| Complete |  0
|  89|0x0000000087500000, 0x0000000087600000, 0x0000000087600000|100%| E|CS|TAMS 0x0000000087500000| PB 0x0000000087500000| Complete |  0
|  90|0x0000000087600000, 0x0000000087700000, 0x0000000087700000|100%| E|CS|TAMS 0x0000000087600000| PB 0x0000000087600000| Complete |  0
|  91|0x0000000087700000, 0x0000000087800000, 0x0000000087800000|100%| E|CS|TAMS 0x0000000087700000| PB 0x0000000087700000| Complete |  0
|  92|0x0000000087800000, 0x0000000087900000, 0x0000000087900000|100%| E|  |TAMS 0x0000000087800000| PB 0x0000000087800000| Complete |  0
|  93|0x0000000087900000, 0x0000000087a00000, 0x0000000087a00000|100%| E|CS|TAMS 0x0000000087900000| PB 0x0000000087900000| Complete |  0
|  94|0x0000000087a00000, 0x0000000087b00000, 0x0000000087b00000|100%| E|CS|TAMS 0x0000000087a00000| PB 0x0000000087a00000| Complete |  0
|  95|0x0000000087b00000, 0x0000000087c00000, 0x0000000087c00000|100%| E|CS|TAMS 0x0000000087b00000| PB 0x0000000087b00000| Complete |  0
|  96|0x0000000087c00000, 0x0000000087d00000, 0x0000000087d00000|100%| E|CS|TAMS 0x0000000087c00000| PB 0x0000000087c00000| Complete |  0
|  97|0x0000000087d00000, 0x0000000087e00000, 0x0000000087e00000|100%| E|CS|TAMS 0x0000000087d00000| PB 0x0000000087d00000| Complete |  0
|  98|0x0000000087e00000, 0x0000000087f00000, 0x0000000087f00000|100%| E|CS|TAMS 0x0000000087e00000| PB 0x0000000087e00000| Complete |  0
|  99|0x0000000087f00000, 0x0000000088000000, 0x0000000088000000|100%| E|CS|TAMS 0x0000000087f00000| PB 0x0000000087f00000| Complete |  0
| 100|0x0000000088000000, 0x0000000088100000, 0x0000000088100000|100%| E|CS|TAMS 0x0000000088000000| PB 0x0000000088000000| Complete |  0
| 101|0x0000000088100000, 0x0000000088200000, 0x0000000088200000|100%| E|CS|TAMS 0x0000000088100000| PB 0x0000000088100000| Complete |  0
| 102|0x0000000088200000, 0x0000000088300000, 0x0000000088300000|100%| E|CS|TAMS 0x0000000088200000| PB 0x0000000088200000| Complete |  0
| 103|0x0000000088300000, 0x0000000088400000, 0x0000000088400000|100%| E|CS|TAMS 0x0000000088300000| PB 0x0000000088300000| Complete |  0
| 104|0x0000000088400000, 0x0000000088500000, 0x0000000088500000|100%| E|CS|TAMS 0x0000000088400000| PB 0x0000000088400000| Complete |  0
| 105|0x0000000088500000, 0x0000000088600000, 0x0000000088600000|100%| E|CS|TAMS 0x0000000088500000| PB 0x0000000088500000| Complete |  0
| 106|0x0000000088600000, 0x0000000088700000, 0x0000000088700000|100%| E|CS|TAMS 0x0000000088600000| PB 0x0000000088600000| Complete |  0
| 107|0x0000000088700000, 0x0000000088800000, 0x0000000088800000|100%| E|CS|TAMS 0x0000000088700000| PB 0x0000000088700000| Complete |  0
| 108|0x0000000088800000, 0x0000000088900000, 0x0000000088900000|100%| E|CS|TAMS 0x0000000088800000| PB 0x0000000088800000| Complete |  0
| 109|0x0000000088900000, 0x0000000088a00000, 0x0000000088a00000|100%| E|CS|TAMS 0x0000000088900000| PB 0x0000000088900000| Complete |  0
| 110|0x0000000088a00000, 0x0000000088b00000, 0x0000000088b00000|100%| E|CS|TAMS 0x0000000088a00000| PB 0x0000000088a00000| Complete |  0
| 111|0x0000000088b00000, 0x0000000088c00000, 0x0000000088c00000|100%| E|CS|TAMS 0x0000000088b00000| PB 0x0000000088b00000| Complete |  0
| 112|0x0000000088c00000, 0x0000000088d00000, 0x0000000088d00000|100%| E|CS|TAMS 0x0000000088c00000| PB 0x0000000088c00000| Complete |  0
| 113|0x0000000088d00000, 0x0000000088e00000, 0x0000000088e00000|100%| E|CS|TAMS 0x0000000088d00000| PB 0x0000000088d00000| Complete |  0
| 114|0x0000000088e00000, 0x0000000088f00000, 0x0000000088f00000|100%| E|CS|TAMS 0x0000000088e00000| PB 0x0000000088e00000| Complete |  0
| 115|0x0000000088f00000, 0x0000000089000000, 0x0000000089000000|100%| E|CS|TAMS 0x0000000088f00000| PB 0x0000000088f00000| Complete |  0
| 116|0x0000000089000000, 0x0000000089100000, 0x0000000089100000|100%| E|CS|TAMS 0x0000000089000000| PB 0x0000000089000000| Complete |  0
| 117|0x0000000089100000, 0x0000000089200000, 0x0000000089200000|100%| E|CS|TAMS 0x0000000089100000| PB 0x0000000089100000| Complete |  0
| 118|0x0000000089200000, 0x0000000089300000, 0x0000000089300000|100%| E|CS|TAMS 0x0000000089200000| PB 0x0000000089200000| Complete |  0
| 119|0x0000000089300000, 0x0000000089400000, 0x0000000089400000|100%| E|CS|TAMS 0x0000000089300000| PB 0x0000000089300000| Complete |  0
| 120|0x0000000089400000, 0x0000000089500000, 0x0000000089500000|100%| E|CS|TAMS 0x0000000089400000| PB 0x0000000089400000| Complete |  0
| 121|0x0000000089500000, 0x0000000089600000, 0x0000000089600000|100%| E|CS|TAMS 0x0000000089500000| PB 0x0000000089500000| Complete |  0
| 122|0x0000000089600000, 0x0000000089700000, 0x0000000089700000|100%| E|CS|TAMS 0x0000000089600000| PB 0x0000000089600000| Complete |  0
| 123|0x0000000089700000, 0x0000000089800000, 0x0000000089800000|100%| E|CS|TAMS 0x0000000089700000| PB 0x0000000089700000| Complete |  0
| 124|0x0000000089800000, 0x0000000089900000, 0x0000000089900000|100%| E|CS|TAMS 0x0000000089800000| PB 0x0000000089800000| Complete |  0
| 125|0x0000000089900000, 0x0000000089a00000, 0x0000000089a00000|100%| E|CS|TAMS 0x0000000089900000| PB 0x0000000089900000| Complete |  0
| 126|0x0000000089a00000, 0x0000000089b00000, 0x0000000089b00000|100%| E|CS|TAMS 0x0000000089a00000| PB 0x0000000089a00000| Complete |  0
| 127|0x0000000089b00000, 0x0000000089c00000, 0x0000000089c00000|100%| E|CS|TAMS 0x0000000089b00000| PB 0x0000000089b00000| Complete |  0
|2018|0x00000000ffe00000, 0x00000000fff00000, 0x00000000fff00000|100%| O|  |TAMS 0x00000000ffe00000| PB 0x00000000ffe00000| Untracked |  0
|2019|0x00000000fff00000, 0x00000000fff29ee8, 0x0000000100000000| 16%| O|  |TAMS 0x00000000fff00000| PB 0x00000000fff00000| Untracked |  0

Card table byte_map: [0x000001fca36d0000,0x000001fca3ad0000] _byte_map_base: 0x000001fca32c2000

Marking Bits: (CMBitMap*) 0x000001fc8a351950
 Bits: [0x000001fca3ad0000, 0x000001fca5a60000)

Polling page: 0x000001fc881f0000

Metaspace:

Usage:
  Non-class:      5.91 MB used.
      Class:    587.46 KB used.
       Both:      6.49 MB used.

Virtual space:
  Non-class space:       64.00 MB reserved,       6.06 MB (  9%) committed,  1 nodes.
      Class space:        1.00 GB reserved,     704.00 KB ( <1%) committed,  1 nodes.
             Both:        1.06 GB reserved,       6.75 MB ( <1%) committed. 

Chunk freelists:
   Non-Class:  9.66 MB
       Class:  15.16 MB
        Both:  24.81 MB

MaxMetaspaceSize: unlimited
CompressedClassSpaceSize: 1.00 GB
Initial GC threshold: 21.00 MB
Current GC threshold: 21.00 MB
CDS: on
 - commit_granule_bytes: 65536.
 - commit_granule_words: 8192.
 - virtual_space_node_default_size: 8388608.
 - enlarge_chunks_in_place: 1.
UseCompressedClassPointers 1, UseCompactObjectHeaders 0
Narrow klass pointer bits 32, Max shift 3
Narrow klass base: 0x000001fca9000000, Narrow klass shift: 0
Encoding Range: [0x000001fca9000000 - 0x000001fda9000000), (4294967296 bytes)
Klass Range:    [0x000001fca9000000 - 0x000001fcea000000), (1090519040 bytes)
Klass ID Range:  [8 - 1090519033) (1090519025)


Internal statistics:

num_allocs_failed_limit: 0.
num_arena_births: 160.
num_arena_deaths: 0.
num_vsnodes_births: 2.
num_vsnodes_deaths: 0.
num_space_committed: 108.
num_space_uncommitted: 0.
num_chunks_returned_to_freelist: 0.
num_chunks_taken_from_freelist: 298.
num_chunk_merges: 0.
num_chunk_splits: 195.
num_chunks_enlarged: 139.
num_inconsistent_stats: 0.

CodeHeap 'non-profiled nmethods': size=120064Kb used=649Kb max_used=649Kb free=119414Kb
 bounds [0x000001fc9ba50000, 0x000001fc9bcc0000, 0x000001fca2f90000]
CodeHeap 'profiled nmethods': size=120000Kb used=3565Kb max_used=3565Kb free=116435Kb
 bounds [0x000001fc93f90000, 0x000001fc94310000, 0x000001fc9b4c0000]
CodeHeap 'non-nmethods': size=5696Kb used=1314Kb max_used=1344Kb free=4381Kb
 bounds [0x000001fc9b4c0000, 0x000001fc9b730000, 0x000001fc9ba50000]
CodeCache: size=245760Kb, used=5528Kb, max_used=5558Kb, free=240230Kb
 total_blobs=2619, nmethods=2145, adapters=378, full_count=0
Compilation: enabled, stopped_count=0, restarted_count=0

Compilation events (20 events):
Event: 2.024 Thread 0x000001fca84b1b70 nmethod 1379 0x000001fc941a9188 code [0x000001fc941a92c0, 0x000001fc941a9580]
Event: 2.024 Thread 0x000001fca84b1b70 1380       3       java.lang.System$1::getCarrierThreadLocal (5 bytes)
Event: 2.024 Thread 0x000001fca84b1b70 nmethod 1380 0x000001fc941a9608 code [0x000001fc941a9740, 0x000001fc941a9990]
Event: 2.024 Thread 0x000001fcee770460 nmethod 1364 0x000001fc9baa4808 code [0x000001fc9baa4920, 0x000001fc9baa4ae8]
Event: 2.025 Thread 0x000001fcee770460 1377       4       com.sun.org.apache.xerces.internal.impl.XMLEntityScanner::normalizeNewlines (505 bytes)
Event: 2.026 Thread 0x000001fca84b1b70 1381       3       java.nio.ByteBuffer::position (8 bytes)
Event: 2.026 Thread 0x000001fca84b1b70 nmethod 1381 0x000001fc941a9a08 code [0x000001fc941a9b20, 0x000001fc941a9c70]
Event: 2.031 Thread 0x000001fca84b1b70 1384       3       java.util.HashMap::afterNodeAccess (1 bytes)
Event: 2.031 Thread 0x000001fca84b1b70 nmethod 1384 0x000001fc941a9d08 code [0x000001fc941a9e20, 0x000001fc941a9f28]
Event: 2.032 Thread 0x000001fca84b1b70 1385       3       com.sun.org.apache.xerces.internal.util.SymbolTable::hash (21 bytes)
Event: 2.032 Thread 0x000001fca84b1b70 nmethod 1385 0x000001fc941aa008 code [0x000001fc941aa140, 0x000001fc941aa390]
Event: 2.033 Thread 0x000001fca84b1b70 1386       3       java.util.StringTokenizer::<init> (52 bytes)
Event: 2.033 Thread 0x000001fca84b1b70 nmethod 1386 0x000001fc941aa408 code [0x000001fc941aa540, 0x000001fc941aa9a0]
Event: 2.033 Thread 0x000001fca84b1b70 1387       3       java.util.StringTokenizer::setMaxDelimCodePoint (156 bytes)
Event: 2.034 Thread 0x000001fca84b1b70 nmethod 1387 0x000001fc941aaa08 code [0x000001fc941aac00, 0x000001fc941abb78]
Event: 2.035 Thread 0x000001fca84b1b70 1388       3       com.sun.org.apache.xerces.internal.impl.XMLDocumentFragmentScannerImpl$FragmentContentDriver::startOfMarkup (280 bytes)
Event: 2.036 Thread 0x000001fca84b1b70 nmethod 1388 0x000001fc941abc08 code [0x000001fc941abe80, 0x000001fc941ace10]
Event: 2.037 Thread 0x000001fca84b1b70 1390       3       org.apache.tools.ant.Target::setDepends (44 bytes)
Event: 2.038 Thread 0x000001fca84b1b70 nmethod 1390 0x000001fc941ace88 code [0x000001fc941ad020, 0x000001fc941ad8c0]
Event: 2.038 Thread 0x000001fca84b1b70 1391       3       org.apache.tools.ant.Target::parseDepends (201 bytes)

GC Heap History (0 events):
No events

Dll operation events (6 events):
Event: 0.113 Loaded shared library C:\Users\Josie\Desktop\JASPER\zulu24.28.85-ca-fx-jdk24.0.0-win_x64\zulu24.28.85-ca-fx-jdk24.0.0-win_x64\bin\java.dll
Event: 0.489 Loaded shared library C:\Users\Josie\Desktop\JASPER\zulu24.28.85-ca-fx-jdk24.0.0-win_x64\zulu24.28.85-ca-fx-jdk24.0.0-win_x64\bin\jsvml.dll
Event: 0.492 Loaded shared library C:\Users\Josie\Desktop\JASPER\zulu24.28.85-ca-fx-jdk24.0.0-win_x64\zulu24.28.85-ca-fx-jdk24.0.0-win_x64\bin\net.dll
Event: 0.496 Loaded shared library C:\Users\Josie\Desktop\JASPER\zulu24.28.85-ca-fx-jdk24.0.0-win_x64\zulu24.28.85-ca-fx-jdk24.0.0-win_x64\bin\nio.dll
Event: 0.502 Loaded shared library C:\Users\Josie\Desktop\JASPER\zulu24.28.85-ca-fx-jdk24.0.0-win_x64\zulu24.28.85-ca-fx-jdk24.0.0-win_x64\bin\zip.dll
Event: 0.516 Loaded shared library C:\Users\Josie\Desktop\JASPER\zulu24.28.85-ca-fx-jdk24.0.0-win_x64\zulu24.28.85-ca-fx-jdk24.0.0-win_x64\bin\jimage.dll

Deoptimization events (20 events):
Event: 2.021 Thread 0x000001fc87efc960 DEOPT PACKING pc=0x000001fc9419a3ed sp=0x00000066d87fdc00
Event: 2.021 Thread 0x000001fc87efc960 DEOPT UNPACKING pc=0x000001fc9b515722 sp=0x00000066d87fd0c0 mode 0
Event: 2.022 Thread 0x000001fc87efc960 DEOPT PACKING pc=0x000001fc9419a3ed sp=0x00000066d87fdcc0
Event: 2.022 Thread 0x000001fc87efc960 DEOPT UNPACKING pc=0x000001fc9b515722 sp=0x00000066d87fd180 mode 0
Event: 2.023 Thread 0x000001fc87efc960 DEOPT PACKING pc=0x000001fc9419a3ed sp=0x00000066d87fdc00
Event: 2.025 Thread 0x000001fc87efc960 DEOPT UNPACKING pc=0x000001fc9b515722 sp=0x00000066d87fd0c0 mode 0
Event: 2.025 Thread 0x000001fc87efc960 DEOPT PACKING pc=0x000001fc9419a3ed sp=0x00000066d87fdc00
Event: 2.025 Thread 0x000001fc87efc960 DEOPT UNPACKING pc=0x000001fc9b515722 sp=0x00000066d87fd0c0 mode 0
Event: 2.026 Thread 0x000001fc87efc960 DEOPT PACKING pc=0x000001fc9419a3ed sp=0x00000066d87fdc00
Event: 2.026 Thread 0x000001fc87efc960 DEOPT UNPACKING pc=0x000001fc9b515722 sp=0x00000066d87fd0c0 mode 0
Event: 2.030 Thread 0x000001fc87efc960 DEOPT PACKING pc=0x000001fc9419a3ed sp=0x00000066d87fda30
Event: 2.030 Thread 0x000001fc87efc960 DEOPT UNPACKING pc=0x000001fc9b515722 sp=0x00000066d87fcef0 mode 0
Event: 2.032 Thread 0x000001fc87efc960 DEOPT PACKING pc=0x000001fc9419a3ed sp=0x00000066d87fda30
Event: 2.032 Thread 0x000001fc87efc960 DEOPT UNPACKING pc=0x000001fc9b515722 sp=0x00000066d87fcef0 mode 0
Event: 2.035 Thread 0x000001fc87efc960 DEOPT PACKING pc=0x000001fc9419a3ed sp=0x00000066d87fdd50
Event: 2.035 Thread 0x000001fc87efc960 DEOPT UNPACKING pc=0x000001fc9b515722 sp=0x00000066d87fd210 mode 0
Event: 2.037 Thread 0x000001fc87efc960 DEOPT PACKING pc=0x000001fc9419a3ed sp=0x00000066d87fda30
Event: 2.037 Thread 0x000001fc87efc960 DEOPT UNPACKING pc=0x000001fc9b515722 sp=0x00000066d87fcef0 mode 0
Event: 2.061 Thread 0x000001fc87efc960 DEOPT PACKING pc=0x000001fc9419a3ed sp=0x00000066d87fda30
Event: 2.061 Thread 0x000001fc87efc960 DEOPT UNPACKING pc=0x000001fc9b515722 sp=0x00000066d87fcef0 mode 0

Classes loaded (20 events):
Event: 1.274 Loading class java/time/Year
Event: 1.274 Loading class java/time/Year done
Event: 1.628 Loading class java/lang/PublicMethods
Event: 1.628 Loading class java/lang/PublicMethods done
Event: 1.629 Loading class java/util/LinkedHashMap$LinkedValues
Event: 1.629 Loading class java/util/LinkedHashMap$LinkedValues done
Event: 1.629 Loading class java/util/LinkedHashMap$LinkedValueIterator
Event: 1.630 Loading class java/util/LinkedHashMap$LinkedValueIterator done
Event: 1.630 Loading class java/util/OptionalInt
Event: 1.630 Loading class java/util/OptionalInt done
Event: 1.630 Loading class java/util/OptionalLong
Event: 1.631 Loading class java/util/OptionalLong done
Event: 1.631 Loading class java/util/OptionalDouble
Event: 1.631 Loading class java/util/OptionalDouble done
Event: 1.710 Loading class java/util/ConcurrentModificationException
Event: 1.710 Loading class java/util/ConcurrentModificationException done
Event: 1.717 Loading class java/util/LinkedHashMap$LinkedKeySet
Event: 1.717 Loading class java/util/LinkedHashMap$LinkedKeySet done
Event: 1.717 Loading class java/util/LinkedHashMap$LinkedKeyIterator
Event: 1.717 Loading class java/util/LinkedHashMap$LinkedKeyIterator done

Classes unloaded (0 events):
No events

Classes redefined (0 events):
No events

Internal exceptions (13 events):
Event: 0.564 Thread 0x000001fc87efc960 Exception <a 'java/lang/NoSuchMethodError'{0x0000000089b63e40}: 'int java.lang.invoke.DirectMethodHandle$Holder.invokeSpecial(java.lang.Object, java.lang.Object, java.lang.Object)'> (0x0000000089b63e40) 
thrown [s\src\hotspot\share\interpreter\linkResolver.cpp, line 805]
Event: 0.767 Thread 0x000001fc87efc960 Exception <a 'java/lang/NoSuchMethodError'{0x0000000089891648}: 'java.lang.Object java.lang.invoke.DirectMethodHandle$Holder.invokeStaticInit(java.lang.Object, java.lang.Object, java.lang.Object, java.lang.Object)'> (0x0000000089891648) 
thrown [s\src\hotspot\share\interpreter\linkResolver.cpp, line 805]
Event: 0.780 Thread 0x000001fc87efc960 Exception <a 'java/lang/NoSuchMethodError'{0x00000000898bc7e8}: 'java.lang.Object java.lang.invoke.DirectMethodHandle$Holder.invokeStaticInit(java.lang.Object)'> (0x00000000898bc7e8) 
thrown [s\src\hotspot\share\interpreter\linkResolver.cpp, line 805]
Event: 0.814 Thread 0x000001fc87efc960 Exception <a 'java/lang/NoSuchMethodError'{0x000000008974eba0}: 'void java.lang.invoke.DirectMethodHandle$Holder.invokeStatic(java.lang.Object, java.lang.Object, java.lang.Object, java.lang.Object)'> (0x000000008974eba0) 
thrown [s\src\hotspot\share\interpreter\linkResolver.cpp, line 805]
Event: 0.825 Thread 0x000001fc87efc960 Exception <a 'java/lang/NoSuchMethodError'{0x0000000089785330}: 'java.lang.Object java.lang.invoke.DirectMethodHandle$Holder.invokeInterface(java.lang.Object, java.lang.Object, java.lang.Object)'> (0x0000000089785330) 
thrown [s\src\hotspot\share\interpreter\linkResolver.cpp, line 805]
Event: 0.827 Thread 0x000001fc87efc960 Exception <a 'java/lang/IncompatibleClassChangeError'{0x000000008978d0e8}: Found class java.lang.Object, but interface was expected> (0x000000008978d0e8) 
thrown [s\src\hotspot\share\interpreter\linkResolver.cpp, line 872]
Event: 0.949 Thread 0x000001fc87efc960 Exception <a 'java/lang/NoSuchMethodError'{0x00000000897f8da8}: 'java.lang.Object java.lang.invoke.DirectMethodHandle$Holder.invokeInterface(java.lang.Object, java.lang.Object)'> (0x00000000897f8da8) 
thrown [s\src\hotspot\share\interpreter\linkResolver.cpp, line 805]
Event: 0.953 Thread 0x000001fc87efc960 Exception <a 'java/lang/NoSuchMethodError'{0x000000008962cd90}: 'void java.lang.invoke.DirectMethodHandle$Holder.invokeStatic(java.lang.Object, java.lang.Object, java.lang.Object)'> (0x000000008962cd90) 
thrown [s\src\hotspot\share\interpreter\linkResolver.cpp, line 805]
Event: 1.155 Thread 0x000001fc87efc960 Exception <a 'java/lang/NoSuchMethodError'{0x0000000089587ef8}: 'java.lang.Object java.lang.invoke.DirectMethodHandle$Holder.invokeSpecialIFC(java.lang.Object, java.lang.Object, java.lang.Object, java.lang.Object)'> (0x0000000089587ef8) 
thrown [s\src\hotspot\share\interpreter\linkResolver.cpp, line 805]
Event: 1.699 Thread 0x000001fc87efc960 Exception <a 'java/lang/NoSuchMethodError'{0x0000000088f0f718}: 'void java.lang.invoke.DirectMethodHandle$Holder.invokeVirtual(java.lang.Object, java.lang.Object)'> (0x0000000088f0f718) 
thrown [s\src\hotspot\share\interpreter\linkResolver.cpp, line 805]
Event: 1.700 Thread 0x000001fc87efc960 Exception <a 'java/lang/NoSuchMethodError'{0x0000000088f17910}: 'void java.lang.invoke.DirectMethodHandle$Holder.invokeSpecial(java.lang.Object, java.lang.Object, java.lang.Object)'> (0x0000000088f17910) 
thrown [s\src\hotspot\share\interpreter\linkResolver.cpp, line 805]
Event: 1.712 Thread 0x000001fc87efc960 Exception <a 'java/lang/IncompatibleClassChangeError'{0x0000000088f53770}: Found class java.lang.Object, but interface was expected> (0x0000000088f53770) 
thrown [s\src\hotspot\share\interpreter\linkResolver.cpp, line 872]
Event: 1.722 Thread 0x000001fc87efc960 Exception <a 'java/lang/NoSuchMethodError'{0x0000000088f996c0}: 'java.lang.Object java.lang.invoke.DirectMethodHandle$Holder.newInvokeSpecial(java.lang.Object, java.lang.Object, java.lang.Object, java.lang.Object, java.lang.Object)'> (0x0000000088f996c0) 
thrown [s\src\hotspot\share\interpreter\linkResolver.cpp, line 805]

VM Operations (10 events):
Event: 0.781 Executing VM operation: HandshakeAllThreads (Deoptimize)
Event: 0.781 Executing VM operation: HandshakeAllThreads (Deoptimize) done
Event: 1.069 Executing VM operation: HandshakeAllThreads (Deoptimize)
Event: 1.069 Executing VM operation: HandshakeAllThreads (Deoptimize) done
Event: 1.071 Executing VM operation: HandshakeAllThreads (Deoptimize)
Event: 1.071 Executing VM operation: HandshakeAllThreads (Deoptimize) done
Event: 1.251 Executing VM operation: HandshakeAllThreads (Deoptimize)
Event: 1.251 Executing VM operation: HandshakeAllThreads (Deoptimize) done
Event: 1.713 Executing VM operation: HandshakeAllThreads (Deoptimize)
Event: 1.713 Executing VM operation: HandshakeAllThreads (Deoptimize) done

Memory protections (0 events):
No events

Nmethod flushes (0 events):
No events

Events (15 events):
Event: 0.395 Thread 0x000001fc87efc960 Thread added: 0x000001fc87efc960
Event: 0.455 Thread 0x000001fc87efc960 Thread added: 0x000001fca84a9d70
Event: 0.455 Thread 0x000001fc87efc960 Thread added: 0x000001fca84ab4c0
Event: 0.456 Thread 0x000001fc87efc960 Thread added: 0x000001fca84ae000
Event: 0.456 Thread 0x000001fc87efc960 Thread added: 0x000001fca84aeb30
Event: 0.456 Thread 0x000001fc87efc960 Thread added: 0x000001fca84af660
Event: 0.456 Thread 0x000001fc87efc960 Thread added: 0x000001fca84b0190
Event: 0.456 Thread 0x000001fc87efc960 Thread added: 0x000001fca84b0ff0
Event: 0.456 Thread 0x000001fc87efc960 Thread added: 0x000001fca84b1b70
Event: 0.466 Thread 0x000001fc87efc960 Thread added: 0x000001fca84c0dd0
Event: 0.469 Thread 0x000001fc87efc960 Thread added: 0x000001fca84d1900
Event: 0.683 Thread 0x000001fca84b1b70 Thread added: 0x000001fca866c5e0
Event: 0.793 Thread 0x000001fca866c5e0 Thread exited: 0x000001fca866c5e0
Event: 1.881 Thread 0x000001fca84b1b70 Thread added: 0x000001fcee5f7710
Event: 1.957 Thread 0x000001fca84b1b70 Thread added: 0x000001fcee770460


Dynamic libraries:
0x00007ff6969e0000 - 0x00007ff6969ee000 	C:\Users\Josie\Desktop\JASPER\zulu24.28.85-ca-fx-jdk24.0.0-win_x64\zulu24.28.85-ca-fx-jdk24.0.0-win_x64\bin\java.exe
0x00007ff848f00000 - 0x00007ff849160000 	C:\WINDOWS\SYSTEM32\ntdll.dll
0x00007ff847020000 - 0x00007ff8470e7000 	C:\WINDOWS\System32\KERNEL32.DLL
0x00007ff846870000 - 0x00007ff846c3a000 	C:\WINDOWS\System32\KERNELBASE.dll
0x00007ff8462b0000 - 0x00007ff8463fb000 	C:\WINDOWS\System32\ucrtbase.dll
0x00007ff839bd0000 - 0x00007ff839be6000 	C:\Users\Josie\Desktop\JASPER\zulu24.28.85-ca-fx-jdk24.0.0-win_x64\zulu24.28.85-ca-fx-jdk24.0.0-win_x64\bin\jli.dll
0x00007ff846e50000 - 0x00007ff84701c000 	C:\WINDOWS\System32\USER32.dll
0x00007ff8467a0000 - 0x00007ff8467c7000 	C:\WINDOWS\System32\win32u.dll
0x00007ff8474b0000 - 0x00007ff8474da000 	C:\WINDOWS\System32\GDI32.dll
0x00007ff8460e0000 - 0x00007ff846211000 	C:\WINDOWS\System32\gdi32full.dll
0x00007ff846580000 - 0x00007ff846623000 	C:\WINDOWS\System32\msvcp_win.dll
0x00007ff81c830000 - 0x00007ff81c84e000 	C:\Users\Josie\Desktop\JASPER\zulu24.28.85-ca-fx-jdk24.0.0-win_x64\zulu24.28.85-ca-fx-jdk24.0.0-win_x64\bin\VCRUNTIME140.dll
0x00007ff836150000 - 0x00007ff8363e7000 	C:\WINDOWS\WinSxS\amd64_microsoft.windows.common-controls_6595b64144ccf1df_6.0.26100.3624_none_3e086962e3345f24\COMCTL32.dll
0x00007ff847970000 - 0x00007ff847a19000 	C:\WINDOWS\System32\msvcrt.dll
0x00007ff846d00000 - 0x00007ff846d2f000 	C:\WINDOWS\System32\IMM32.DLL
0x00007ff841ea0000 - 0x00007ff841eac000 	C:\Users\Josie\Desktop\JASPER\zulu24.28.85-ca-fx-jdk24.0.0-win_x64\zulu24.28.85-ca-fx-jdk24.0.0-win_x64\bin\vcruntime140_1.dll
0x00007ff802460000 - 0x00007ff8024ed000 	C:\Users\Josie\Desktop\JASPER\zulu24.28.85-ca-fx-jdk24.0.0-win_x64\zulu24.28.85-ca-fx-jdk24.0.0-win_x64\bin\msvcp140.dll
0x00007fffba450000 - 0x00007fffbb2cc000 	C:\Users\Josie\Desktop\JASPER\zulu24.28.85-ca-fx-jdk24.0.0-win_x64\zulu24.28.85-ca-fx-jdk24.0.0-win_x64\bin\server\jvm.dll
0x00007ff848730000 - 0x00007ff8487e2000 	C:\WINDOWS\System32\ADVAPI32.dll
0x00007ff848e10000 - 0x00007ff848eb6000 	C:\WINDOWS\System32\sechost.dll
0x00007ff847a20000 - 0x00007ff847b36000 	C:\WINDOWS\System32\RPCRT4.dll
0x00007ff847660000 - 0x00007ff8476d4000 	C:\WINDOWS\System32\WS2_32.dll
0x00007ff845f30000 - 0x00007ff845f8e000 	C:\WINDOWS\SYSTEM32\POWRPROF.dll
0x00007ff841ce0000 - 0x00007ff841d16000 	C:\WINDOWS\SYSTEM32\WINMM.dll
0x00007ff83f040000 - 0x00007ff83f04b000 	C:\WINDOWS\SYSTEM32\VERSION.dll
0x00007ff845f10000 - 0x00007ff845f24000 	C:\WINDOWS\SYSTEM32\UMPDC.dll
0x00007ff844ef0000 - 0x00007ff844f0a000 	C:\WINDOWS\SYSTEM32\kernel.appcore.dll
0x00007ff827580000 - 0x00007ff82758a000 	C:\Users\Josie\Desktop\JASPER\zulu24.28.85-ca-fx-jdk24.0.0-win_x64\zulu24.28.85-ca-fx-jdk24.0.0-win_x64\bin\jimage.dll
0x00007ff843a90000 - 0x00007ff843cd1000 	C:\WINDOWS\SYSTEM32\DBGHELP.DLL
0x00007ff847120000 - 0x00007ff8474a2000 	C:\WINDOWS\System32\combase.dll
0x00007ff848880000 - 0x00007ff848956000 	C:\WINDOWS\System32\OLEAUT32.dll
0x00007ff80d0e0000 - 0x00007ff80d119000 	C:\WINDOWS\SYSTEM32\dbgcore.DLL
0x00007ff8467d0000 - 0x00007ff846869000 	C:\WINDOWS\System32\bcryptPrimitives.dll
0x00007ff8023c0000 - 0x00007ff8023de000 	C:\Users\Josie\Desktop\JASPER\zulu24.28.85-ca-fx-jdk24.0.0-win_x64\zulu24.28.85-ca-fx-jdk24.0.0-win_x64\bin\java.dll
0x00007ff8476e0000 - 0x00007ff847876000 	C:\WINDOWS\System32\ole32.dll
0x00007ff847b60000 - 0x00007ff848289000 	C:\WINDOWS\System32\SHELL32.dll
0x00007ff846630000 - 0x00007ff846798000 	C:\WINDOWS\System32\wintypes.dll
0x00007ff843ce0000 - 0x00007ff844532000 	C:\WINDOWS\SYSTEM32\windows.storage.dll
0x00007ff848d20000 - 0x00007ff848e0d000 	C:\WINDOWS\System32\SHCORE.dll
0x00007ff8474e0000 - 0x00007ff847544000 	C:\WINDOWS\System32\shlwapi.dll
0x00007ff845fc0000 - 0x00007ff845fef000 	C:\WINDOWS\SYSTEM32\profapi.dll
0x00007fffc5570000 - 0x00007fffc5647000 	C:\Users\Josie\Desktop\JASPER\zulu24.28.85-ca-fx-jdk24.0.0-win_x64\zulu24.28.85-ca-fx-jdk24.0.0-win_x64\bin\jsvml.dll
0x00007ff824640000 - 0x00007ff824650000 	C:\Users\Josie\Desktop\JASPER\zulu24.28.85-ca-fx-jdk24.0.0-win_x64\zulu24.28.85-ca-fx-jdk24.0.0-win_x64\bin\net.dll
0x00007ff845410000 - 0x00007ff84547a000 	C:\WINDOWS\system32\mswsock.dll
0x00007ff802420000 - 0x00007ff802436000 	C:\Users\Josie\Desktop\JASPER\zulu24.28.85-ca-fx-jdk24.0.0-win_x64\zulu24.28.85-ca-fx-jdk24.0.0-win_x64\bin\nio.dll
0x00007ff802400000 - 0x00007ff802417000 	C:\Users\Josie\Desktop\JASPER\zulu24.28.85-ca-fx-jdk24.0.0-win_x64\zulu24.28.85-ca-fx-jdk24.0.0-win_x64\bin\zip.dll

dbghelp: loaded successfully - version: 4.0.5 - missing functions: none
symbol engine: initialized successfully - sym options: 0x614 - pdb path: .;C:\Users\Josie\Desktop\JASPER\zulu24.28.85-ca-fx-jdk24.0.0-win_x64\zulu24.28.85-ca-fx-jdk24.0.0-win_x64\bin;C:\WINDOWS\SYSTEM32;C:\WINDOWS\WinSxS\amd64_microsoft.windows.common-controls_6595b64144ccf1df_6.0.26100.3624_none_3e086962e3345f24;C:\Users\Josie\Desktop\JASPER\zulu24.28.85-ca-fx-jdk24.0.0-win_x64\zulu24.28.85-ca-fx-jdk24.0.0-win_x64\bin\server

VM Arguments:
jvm_args: -Dant.home=C:\Program Files\NetBeans-25\netbeans\extide\ant\bin\.. 
java_command: org.apache.tools.ant.launch.Launcher -f C:\Users\Josie\Documents\NetBeansProjects\StudentRecordSystem\build.xml -Dant.rerun 1 jfxsa-run-no-another-jvm
java_class_path (initial): C:\Program Files\NetBeans-25\netbeans\extide\ant\bin\..\lib\ant-launcher.jar
Launcher Type: SUN_STANDARD

[Global flags]
     intx CICompilerCount                          = 4                                         {product} {ergonomic}
     uint ConcGCThreads                            = 2                                         {product} {ergonomic}
     uint G1ConcRefinementThreads                  = 8                                         {product} {ergonomic}
   size_t G1HeapRegionSize                         = 1048576                                   {product} {ergonomic}
   size_t InitialHeapSize                          = 134217728                                 {product} {ergonomic}
   size_t MarkStackSize                            = 4194304                                   {product} {ergonomic}
   size_t MarkStackSizeMax                         = 536870912                                 {product} {ergonomic}
   size_t MaxHeapSize                              = 2118123520                                {product} {ergonomic}
   size_t MaxNewSize                               = 1270874112                                {product} {ergonomic}
   size_t MinHeapDeltaBytes                        = 1048576                                   {product} {ergonomic}
   size_t MinHeapSize                              = 8388608                                   {product} {ergonomic}
    uintx NonNMethodCodeHeapSize                   = 5832704                                {pd product} {ergonomic}
    uintx NonProfiledCodeHeapSize                  = 122945536                              {pd product} {ergonomic}
    uintx ProfiledCodeHeapSize                     = 122880000                              {pd product} {ergonomic}
    uintx ReservedCodeCacheSize                    = 251658240                              {pd product} {ergonomic}
     bool SegmentedCodeCache                       = true                                      {product} {ergonomic}
   size_t SoftMaxHeapSize                          = 2118123520                             {manageable} {ergonomic}
     bool UseCompressedOops                        = true                           {product lp64_product} {ergonomic}
     bool UseG1GC                                  = true                                      {product} {ergonomic}
     bool UseLargePagesIndividualAllocation        = false                                  {pd product} {ergonomic}

Logging:
Log output configuration:
 #0: stdout all=warning uptime,level,tags foldmultilines=false
 #1: stderr all=off uptime,level,tags foldmultilines=false

Environment Variables:
PATH=C:\Program Files\Common Files\Oracle\Java\javapath;C:\WINDOWS\system32;C:\WINDOWS;C:\WINDOWS\System32\Wbem;C:\WINDOWS\System32\WindowsPowerShell\v1.0\;C:\WINDOWS\System32\OpenSSH\;C:\Program Files\dotnet\;C:\Users\Josie\AppData\Local\Microsoft\WindowsApps;;C:\Users\Josie\Desktop\Microsoft VS Code\bin;C:\Users\Josie\AppData\Local\Muse Hub\lib
USERNAME=Josie
OS=Windows_NT
PROCESSOR_IDENTIFIER=Intel64 Family 6 Model 142 Stepping 10, GenuineIntel
TMP=C:\Users\Josie\AppData\Local\Temp
TEMP=C:\Users\Josie\AppData\Local\Temp




Periodic native trim disabled

---------------  S Y S T E M  ---------------

OS:
 Windows 11 , 64 bit Build 26100 (10.0.26100.3775)
OS uptime: 0 days 0:18 hours

CPU: total 8 (initial active 8) (4 cores per cpu, 2 threads per core) family 6 model 142 stepping 10 microcode 0xe0, cx8, cmov, fxsr, ht, mmx, 3dnowpref, sse, sse2, sse3, ssse3, sse4.1, sse4.2, popcnt, lzcnt, tsc, tscinvbit, avx, avx2, aes, erms, clmul, bmi1, bmi2, adx, fma, vzeroupper, clflush, clflushopt, rdtscp, f16c
Processor Information for the first 8 processors :
  Max Mhz: 1800, Current Mhz: 1800, Mhz Limit: 1584

Memory: 4k page, system-wide physical 8078M (1710M free)
TotalPageFile size 10429M (AvailPageFile size 1573M)
current process WorkingSet (physical memory assigned to process): 107M, peak: 107M
current process commit charge ("private bytes"): 233M, peak: 237M

vm_info: OpenJDK 64-Bit Server VM (24+36) for windows-amd64 JRE (24+36) (Zulu24.28+85-CA), built on 2025-03-05T16:55:07Z with MS VC++ 17.1 (VS2022)

END.
